2023-10-14 16:27:42,029 INFO  m.ApplicationManager [ApplicationManager.java:30] Test started on Chrome
2023-10-14 16:27:50,052 INFO  m.ApplicationManager [ApplicationManager.java:41] Navigated to the link ---https://telranedu.web.app/home
2023-10-14 16:27:50,105 INFO  t.TestBase [TestBase.java:20] Started test ----> loginPositiveTestUserDTO
2023-10-14 16:27:50,106 INFO  m.NGListner [NGListner.java:15] Start og the test --->loginPositiveTestUserDTO
2023-10-14 16:27:50,107 INFO  m.WDListener [WDListener.java:20] start searching element by locator --->By.xpath: //*[.='LOGIN']
2023-10-14 16:27:50,186 INFO  m.WDListener [WDListener.java:26] element with locator --->By.xpath: //*[.='LOGIN']is found
2023-10-14 16:27:50,571 INFO  m.WDListener [WDListener.java:20] start searching element by locator --->By.xpath: //input[1]
2023-10-14 16:27:50,703 INFO  m.WDListener [WDListener.java:26] element with locator --->By.xpath: //input[1]is found
2023-10-14 16:27:51,358 INFO  m.WDListener [WDListener.java:20] start searching element by locator --->By.xpath: //input[2]
2023-10-14 16:27:51,391 INFO  m.WDListener [WDListener.java:26] element with locator --->By.xpath: //input[2]is found
2023-10-14 16:27:51,642 INFO  m.WDListener [WDListener.java:20] start searching element by locator --->By.xpath: //button[1]
2023-10-14 16:27:51,657 INFO  m.WDListener [WDListener.java:26] element with locator --->By.xpath: //button[1]is found
2023-10-14 16:27:54,881 INFO  m.WDListener [WDListener.java:20] start searching element by locator --->By.tagName: button
2023-10-14 16:27:54,936 INFO  m.WDListener [WDListener.java:26] element with locator --->By.tagName: buttonis found
2023-10-14 16:27:54,940 INFO  m.NGListner [NGListner.java:21] Success test --->loginPositiveTestUserDTO
2023-10-14 16:27:54,943 INFO  t.TestBase [TestBase.java:24] Finished test ----> loginPositiveTestUserDTO
2023-10-14 16:27:54,944 INFO  t.TestBase [TestBase.java:25] ==================================================
2023-10-14 16:27:54,947 INFO  t.TestBase [TestBase.java:20] Started test ----> loginPositiveTestUserDTO
2023-10-14 16:27:54,947 INFO  m.NGListner [NGListner.java:15] Start og the test --->loginPositiveTestUserDTO
2023-10-14 16:27:54,947 INFO  m.WDListener [WDListener.java:20] start searching element by locator --->By.xpath: //*[.='LOGIN']
2023-10-14 16:27:57,993 INFO  m.WDListener [WDListener.java:32] something went wrong!!!
2023-10-14 16:27:57,994 INFO  m.WDListener [WDListener.java:33] no such element: Unable to locate element: {"method":"xpath","selector":"//*[.='LOGIN']"}
  (Session info: chrome=118.0.5993.70)
For documentation on this error, please visit: https://www.seleniumhq.org/exceptions/no_such_element.html
Build info: version: '3.141.59', revision: 'e82be7d358', time: '2018-11-14T08:17:03'
System info: host: 'MacBook-Air-Diana.local', ip: '2a06:c701:4697:7100:ccdd:7b94:e540:1d5f%en0', os.name: 'Mac OS X', os.arch: 'x86_64', os.version: '13.5.1', java.version: '1.8.0_333'
Driver info: org.openqa.selenium.chrome.ChromeDriver
Capabilities {acceptInsecureCerts: false, browserName: chrome, browserVersion: 118.0.5993.70, chrome: {chromedriverVersion: 118.0.5993.70 (e52f33f30b91..., userDataDir: /var/folders/gq/rwgcn5sx47j...}, fedcm:accounts: true, goog:chromeOptions: {debuggerAddress: localhost:50538}, javascriptEnabled: true, networkConnectionEnabled: false, pageLoadStrategy: normal, platform: MAC, platformName: MAC, proxy: Proxy(), setWindowRect: true, strictFileInteractability: false, timeouts: {implicit: 0, pageLoad: 300000, script: 30000}, unhandledPromptBehavior: dismiss and notify, webauthn:extension:credBlob: true, webauthn:extension:largeBlob: true, webauthn:extension:minPinLength: true, webauthn:extension:prf: true, webauthn:virtualAuthenticators: true}
Session ID: c7e6b885f2c2b2d2a843cd3edbd3f223
*** Element info: {Using=xpath, value=//*[.='LOGIN']}
2023-10-14 16:27:57,994 INFO  m.WDListener [WDListener.java:34] org.openqa.selenium.NoSuchElementException: no such element: Unable to locate element: {"method":"xpath","selector":"//*[.='LOGIN']"}
  (Session info: chrome=118.0.5993.70)
For documentation on this error, please visit: https://www.seleniumhq.org/exceptions/no_such_element.html
Build info: version: '3.141.59', revision: 'e82be7d358', time: '2018-11-14T08:17:03'
System info: host: 'MacBook-Air-Diana.local', ip: '2a06:c701:4697:7100:ccdd:7b94:e540:1d5f%en0', os.name: 'Mac OS X', os.arch: 'x86_64', os.version: '13.5.1', java.version: '1.8.0_333'
Driver info: org.openqa.selenium.chrome.ChromeDriver
Capabilities {acceptInsecureCerts: false, browserName: chrome, browserVersion: 118.0.5993.70, chrome: {chromedriverVersion: 118.0.5993.70 (e52f33f30b91..., userDataDir: /var/folders/gq/rwgcn5sx47j...}, fedcm:accounts: true, goog:chromeOptions: {debuggerAddress: localhost:50538}, javascriptEnabled: true, networkConnectionEnabled: false, pageLoadStrategy: normal, platform: MAC, platformName: MAC, proxy: Proxy(), setWindowRect: true, strictFileInteractability: false, timeouts: {implicit: 0, pageLoad: 300000, script: 30000}, unhandledPromptBehavior: dismiss and notify, webauthn:extension:credBlob: true, webauthn:extension:largeBlob: true, webauthn:extension:minPinLength: true, webauthn:extension:prf: true, webauthn:virtualAuthenticators: true}
Session ID: c7e6b885f2c2b2d2a843cd3edbd3f223
*** Element info: {Using=xpath, value=//*[.='LOGIN']}
2023-10-14 16:27:58,698 INFO  m.WDListener [WDListener.java:39] Here is the path to screenshot with error ---> src/main/resources/screenshots/screenshot-1677.png
2023-10-14 16:27:58,701 INFO  m.NGListner [NGListner.java:27] Failure test --->org.openqa.selenium.NoSuchElementException: no such element: Unable to locate element: {"method":"xpath","selector":"//*[.='LOGIN']"}
  (Session info: chrome=118.0.5993.70)
For documentation on this error, please visit: https://www.seleniumhq.org/exceptions/no_such_element.html
Build info: version: '3.141.59', revision: 'e82be7d358', time: '2018-11-14T08:17:03'
System info: host: 'MacBook-Air-Diana.local', ip: '2a06:c701:4697:7100:ccdd:7b94:e540:1d5f%en0', os.name: 'Mac OS X', os.arch: 'x86_64', os.version: '13.5.1', java.version: '1.8.0_333'
Driver info: org.openqa.selenium.chrome.ChromeDriver
Capabilities {acceptInsecureCerts: false, browserName: chrome, browserVersion: 118.0.5993.70, chrome: {chromedriverVersion: 118.0.5993.70 (e52f33f30b91..., userDataDir: /var/folders/gq/rwgcn5sx47j...}, fedcm:accounts: true, goog:chromeOptions: {debuggerAddress: localhost:50538}, javascriptEnabled: true, networkConnectionEnabled: false, pageLoadStrategy: normal, platform: MAC, platformName: MAC, proxy: Proxy(), setWindowRect: true, strictFileInteractability: false, timeouts: {implicit: 0, pageLoad: 300000, script: 30000}, unhandledPromptBehavior: dismiss and notify, webauthn:extension:credBlob: true, webauthn:extension:largeBlob: true, webauthn:extension:minPinLength: true, webauthn:extension:prf: true, webauthn:virtualAuthenticators: true}
Session ID: c7e6b885f2c2b2d2a843cd3edbd3f223
*** Element info: {Using=xpath, value=//*[.='LOGIN']}
2023-10-14 16:27:58,708 INFO  t.TestBase [TestBase.java:24] Finished test ----> loginPositiveTestUserDTO
2023-10-14 16:27:58,708 INFO  t.TestBase [TestBase.java:25] ==================================================
2023-10-14 16:27:58,710 INFO  t.TestBase [TestBase.java:20] Started test ----> loginPositiveTestUserDTO
2023-10-14 16:27:58,712 INFO  m.NGListner [NGListner.java:15] Start og the test --->loginPositiveTestUserDTO
2023-10-14 16:27:58,713 INFO  m.WDListener [WDListener.java:20] start searching element by locator --->By.xpath: //*[.='LOGIN']
2023-10-14 16:28:01,783 INFO  m.WDListener [WDListener.java:32] something went wrong!!!
2023-10-14 16:28:01,785 INFO  m.WDListener [WDListener.java:33] no such element: Unable to locate element: {"method":"xpath","selector":"//*[.='LOGIN']"}
  (Session info: chrome=118.0.5993.70)
For documentation on this error, please visit: https://www.seleniumhq.org/exceptions/no_such_element.html
Build info: version: '3.141.59', revision: 'e82be7d358', time: '2018-11-14T08:17:03'
System info: host: 'MacBook-Air-Diana.local', ip: '2a06:c701:4697:7100:ccdd:7b94:e540:1d5f%en0', os.name: 'Mac OS X', os.arch: 'x86_64', os.version: '13.5.1', java.version: '1.8.0_333'
Driver info: org.openqa.selenium.chrome.ChromeDriver
Capabilities {acceptInsecureCerts: false, browserName: chrome, browserVersion: 118.0.5993.70, chrome: {chromedriverVersion: 118.0.5993.70 (e52f33f30b91..., userDataDir: /var/folders/gq/rwgcn5sx47j...}, fedcm:accounts: true, goog:chromeOptions: {debuggerAddress: localhost:50538}, javascriptEnabled: true, networkConnectionEnabled: false, pageLoadStrategy: normal, platform: MAC, platformName: MAC, proxy: Proxy(), setWindowRect: true, strictFileInteractability: false, timeouts: {implicit: 0, pageLoad: 300000, script: 30000}, unhandledPromptBehavior: dismiss and notify, webauthn:extension:credBlob: true, webauthn:extension:largeBlob: true, webauthn:extension:minPinLength: true, webauthn:extension:prf: true, webauthn:virtualAuthenticators: true}
Session ID: c7e6b885f2c2b2d2a843cd3edbd3f223
*** Element info: {Using=xpath, value=//*[.='LOGIN']}
2023-10-14 16:28:01,786 INFO  m.WDListener [WDListener.java:34] org.openqa.selenium.NoSuchElementException: no such element: Unable to locate element: {"method":"xpath","selector":"//*[.='LOGIN']"}
  (Session info: chrome=118.0.5993.70)
For documentation on this error, please visit: https://www.seleniumhq.org/exceptions/no_such_element.html
Build info: version: '3.141.59', revision: 'e82be7d358', time: '2018-11-14T08:17:03'
System info: host: 'MacBook-Air-Diana.local', ip: '2a06:c701:4697:7100:ccdd:7b94:e540:1d5f%en0', os.name: 'Mac OS X', os.arch: 'x86_64', os.version: '13.5.1', java.version: '1.8.0_333'
Driver info: org.openqa.selenium.chrome.ChromeDriver
Capabilities {acceptInsecureCerts: false, browserName: chrome, browserVersion: 118.0.5993.70, chrome: {chromedriverVersion: 118.0.5993.70 (e52f33f30b91..., userDataDir: /var/folders/gq/rwgcn5sx47j...}, fedcm:accounts: true, goog:chromeOptions: {debuggerAddress: localhost:50538}, javascriptEnabled: true, networkConnectionEnabled: false, pageLoadStrategy: normal, platform: MAC, platformName: MAC, proxy: Proxy(), setWindowRect: true, strictFileInteractability: false, timeouts: {implicit: 0, pageLoad: 300000, script: 30000}, unhandledPromptBehavior: dismiss and notify, webauthn:extension:credBlob: true, webauthn:extension:largeBlob: true, webauthn:extension:minPinLength: true, webauthn:extension:prf: true, webauthn:virtualAuthenticators: true}
Session ID: c7e6b885f2c2b2d2a843cd3edbd3f223
*** Element info: {Using=xpath, value=//*[.='LOGIN']}
2023-10-14 16:28:02,280 INFO  m.WDListener [WDListener.java:39] Here is the path to screenshot with error ---> src/main/resources/screenshots/screenshot-1681.png
2023-10-14 16:28:02,282 INFO  m.NGListner [NGListner.java:27] Failure test --->org.openqa.selenium.NoSuchElementException: no such element: Unable to locate element: {"method":"xpath","selector":"//*[.='LOGIN']"}
  (Session info: chrome=118.0.5993.70)
For documentation on this error, please visit: https://www.seleniumhq.org/exceptions/no_such_element.html
Build info: version: '3.141.59', revision: 'e82be7d358', time: '2018-11-14T08:17:03'
System info: host: 'MacBook-Air-Diana.local', ip: '2a06:c701:4697:7100:ccdd:7b94:e540:1d5f%en0', os.name: 'Mac OS X', os.arch: 'x86_64', os.version: '13.5.1', java.version: '1.8.0_333'
Driver info: org.openqa.selenium.chrome.ChromeDriver
Capabilities {acceptInsecureCerts: false, browserName: chrome, browserVersion: 118.0.5993.70, chrome: {chromedriverVersion: 118.0.5993.70 (e52f33f30b91..., userDataDir: /var/folders/gq/rwgcn5sx47j...}, fedcm:accounts: true, goog:chromeOptions: {debuggerAddress: localhost:50538}, javascriptEnabled: true, networkConnectionEnabled: false, pageLoadStrategy: normal, platform: MAC, platformName: MAC, proxy: Proxy(), setWindowRect: true, strictFileInteractability: false, timeouts: {implicit: 0, pageLoad: 300000, script: 30000}, unhandledPromptBehavior: dismiss and notify, webauthn:extension:credBlob: true, webauthn:extension:largeBlob: true, webauthn:extension:minPinLength: true, webauthn:extension:prf: true, webauthn:virtualAuthenticators: true}
Session ID: c7e6b885f2c2b2d2a843cd3edbd3f223
*** Element info: {Using=xpath, value=//*[.='LOGIN']}
2023-10-14 16:28:02,285 INFO  t.TestBase [TestBase.java:24] Finished test ----> loginPositiveTestUserDTO
2023-10-14 16:28:02,287 INFO  t.TestBase [TestBase.java:25] ==================================================
2023-10-14 16:28:02,389 INFO  m.ApplicationManager [ApplicationManager.java:51] Test completed
