2023-10-14 16:26:20,688 INFO  m.ApplicationManager [ApplicationManager.java:30] Test started on Chrome
2023-10-14 16:26:28,661 INFO  m.ApplicationManager [ApplicationManager.java:41] Navigated to the link ---https://telranedu.web.app/home
2023-10-14 16:26:28,718 INFO  t.TestBase [TestBase.java:20] Started test ----> loginPositiveTestUserDTO
2023-10-14 16:26:28,720 INFO  m.NGListner [NGListner.java:15] Start og the test --->loginPositiveTestUserDTO
2023-10-14 16:26:28,720 INFO  m.WDListener [WDListener.java:20] start searching element by locator --->By.xpath: //*[.='LOGIN']
2023-10-14 16:26:28,812 INFO  m.WDListener [WDListener.java:26] element with locator --->By.xpath: //*[.='LOGIN']is found
2023-10-14 16:26:29,192 INFO  m.WDListener [WDListener.java:20] start searching element by locator --->By.xpath: //input[1]
2023-10-14 16:26:29,322 INFO  m.WDListener [WDListener.java:26] element with locator --->By.xpath: //input[1]is found
2023-10-14 16:26:29,966 INFO  m.WDListener [WDListener.java:20] start searching element by locator --->By.xpath: //input[2]
2023-10-14 16:26:29,983 INFO  m.WDListener [WDListener.java:26] element with locator --->By.xpath: //input[2]is found
2023-10-14 16:26:30,222 INFO  m.WDListener [WDListener.java:20] start searching element by locator --->By.xpath: //button[1]
2023-10-14 16:26:30,245 INFO  m.WDListener [WDListener.java:26] element with locator --->By.xpath: //button[1]is found
2023-10-14 16:26:30,452 INFO  m.WDListener [WDListener.java:20] start searching element by locator --->By.tagName: button
2023-10-14 16:26:32,460 INFO  m.WDListener [WDListener.java:26] element with locator --->By.tagName: buttonis found
2023-10-14 16:26:32,464 INFO  m.NGListner [NGListner.java:21] Success test --->loginPositiveTestUserDTO
2023-10-14 16:26:32,465 INFO  t.TestBase [TestBase.java:24] Finished test ----> loginPositiveTestUserDTO
2023-10-14 16:26:32,466 INFO  t.TestBase [TestBase.java:25] ==================================================
2023-10-14 16:26:32,466 INFO  t.TestBase [TestBase.java:20] Started test ----> loginPositiveTestUserDTO
2023-10-14 16:26:32,467 INFO  m.NGListner [NGListner.java:15] Start og the test --->loginPositiveTestUserDTO
2023-10-14 16:26:32,467 INFO  m.WDListener [WDListener.java:20] start searching element by locator --->By.xpath: //*[.='LOGIN']
2023-10-14 16:26:35,520 INFO  m.WDListener [WDListener.java:32] something went wrong!!!
2023-10-14 16:26:35,520 INFO  m.WDListener [WDListener.java:33] no such element: Unable to locate element: {"method":"xpath","selector":"//*[.='LOGIN']"}
  (Session info: chrome=118.0.5993.70)
For documentation on this error, please visit: https://www.seleniumhq.org/exceptions/no_such_element.html
Build info: version: '3.141.59', revision: 'e82be7d358', time: '2018-11-14T08:17:03'
System info: host: 'MacBook-Air-Diana.local', ip: '2a06:c701:4697:7100:ccdd:7b94:e540:1d5f%en0', os.name: 'Mac OS X', os.arch: 'x86_64', os.version: '13.5.1', java.version: '1.8.0_333'
Driver info: org.openqa.selenium.chrome.ChromeDriver
Capabilities {acceptInsecureCerts: false, browserName: chrome, browserVersion: 118.0.5993.70, chrome: {chromedriverVersion: 118.0.5993.70 (e52f33f30b91..., userDataDir: /var/folders/gq/rwgcn5sx47j...}, fedcm:accounts: true, goog:chromeOptions: {debuggerAddress: localhost:50516}, javascriptEnabled: true, networkConnectionEnabled: false, pageLoadStrategy: normal, platform: MAC, platformName: MAC, proxy: Proxy(), setWindowRect: true, strictFileInteractability: false, timeouts: {implicit: 0, pageLoad: 300000, script: 30000}, unhandledPromptBehavior: dismiss and notify, webauthn:extension:credBlob: true, webauthn:extension:largeBlob: true, webauthn:extension:minPinLength: true, webauthn:extension:prf: true, webauthn:virtualAuthenticators: true}
Session ID: b5c486386c3c68447b0d04140b0f674e
*** Element info: {Using=xpath, value=//*[.='LOGIN']}
2023-10-14 16:26:35,521 INFO  m.WDListener [WDListener.java:34] org.openqa.selenium.NoSuchElementException: no such element: Unable to locate element: {"method":"xpath","selector":"//*[.='LOGIN']"}
  (Session info: chrome=118.0.5993.70)
For documentation on this error, please visit: https://www.seleniumhq.org/exceptions/no_such_element.html
Build info: version: '3.141.59', revision: 'e82be7d358', time: '2018-11-14T08:17:03'
System info: host: 'MacBook-Air-Diana.local', ip: '2a06:c701:4697:7100:ccdd:7b94:e540:1d5f%en0', os.name: 'Mac OS X', os.arch: 'x86_64', os.version: '13.5.1', java.version: '1.8.0_333'
Driver info: org.openqa.selenium.chrome.ChromeDriver
Capabilities {acceptInsecureCerts: false, browserName: chrome, browserVersion: 118.0.5993.70, chrome: {chromedriverVersion: 118.0.5993.70 (e52f33f30b91..., userDataDir: /var/folders/gq/rwgcn5sx47j...}, fedcm:accounts: true, goog:chromeOptions: {debuggerAddress: localhost:50516}, javascriptEnabled: true, networkConnectionEnabled: false, pageLoadStrategy: normal, platform: MAC, platformName: MAC, proxy: Proxy(), setWindowRect: true, strictFileInteractability: false, timeouts: {implicit: 0, pageLoad: 300000, script: 30000}, unhandledPromptBehavior: dismiss and notify, webauthn:extension:credBlob: true, webauthn:extension:largeBlob: true, webauthn:extension:minPinLength: true, webauthn:extension:prf: true, webauthn:virtualAuthenticators: true}
Session ID: b5c486386c3c68447b0d04140b0f674e
*** Element info: {Using=xpath, value=//*[.='LOGIN']}
2023-10-14 16:26:36,130 INFO  m.WDListener [WDListener.java:39] Here is the path to screenshot with error ---> src/main/resources/screenshots/screenshot-1595.png
2023-10-14 16:26:36,132 INFO  m.NGListner [NGListner.java:27] Failure test --->org.openqa.selenium.NoSuchElementException: no such element: Unable to locate element: {"method":"xpath","selector":"//*[.='LOGIN']"}
  (Session info: chrome=118.0.5993.70)
For documentation on this error, please visit: https://www.seleniumhq.org/exceptions/no_such_element.html
Build info: version: '3.141.59', revision: 'e82be7d358', time: '2018-11-14T08:17:03'
System info: host: 'MacBook-Air-Diana.local', ip: '2a06:c701:4697:7100:ccdd:7b94:e540:1d5f%en0', os.name: 'Mac OS X', os.arch: 'x86_64', os.version: '13.5.1', java.version: '1.8.0_333'
Driver info: org.openqa.selenium.chrome.ChromeDriver
Capabilities {acceptInsecureCerts: false, browserName: chrome, browserVersion: 118.0.5993.70, chrome: {chromedriverVersion: 118.0.5993.70 (e52f33f30b91..., userDataDir: /var/folders/gq/rwgcn5sx47j...}, fedcm:accounts: true, goog:chromeOptions: {debuggerAddress: localhost:50516}, javascriptEnabled: true, networkConnectionEnabled: false, pageLoadStrategy: normal, platform: MAC, platformName: MAC, proxy: Proxy(), setWindowRect: true, strictFileInteractability: false, timeouts: {implicit: 0, pageLoad: 300000, script: 30000}, unhandledPromptBehavior: dismiss and notify, webauthn:extension:credBlob: true, webauthn:extension:largeBlob: true, webauthn:extension:minPinLength: true, webauthn:extension:prf: true, webauthn:virtualAuthenticators: true}
Session ID: b5c486386c3c68447b0d04140b0f674e
*** Element info: {Using=xpath, value=//*[.='LOGIN']}
2023-10-14 16:26:36,136 INFO  t.TestBase [TestBase.java:24] Finished test ----> loginPositiveTestUserDTO
2023-10-14 16:26:36,137 INFO  t.TestBase [TestBase.java:25] ==================================================
2023-10-14 16:26:36,140 INFO  t.TestBase [TestBase.java:20] Started test ----> loginPositiveTestUserDTO
2023-10-14 16:26:36,140 INFO  m.NGListner [NGListner.java:15] Start og the test --->loginPositiveTestUserDTO
2023-10-14 16:26:36,140 INFO  m.WDListener [WDListener.java:20] start searching element by locator --->By.xpath: //*[.='LOGIN']
2023-10-14 16:26:39,234 INFO  m.WDListener [WDListener.java:32] something went wrong!!!
2023-10-14 16:26:39,237 INFO  m.WDListener [WDListener.java:33] no such element: Unable to locate element: {"method":"xpath","selector":"//*[.='LOGIN']"}
  (Session info: chrome=118.0.5993.70)
For documentation on this error, please visit: https://www.seleniumhq.org/exceptions/no_such_element.html
Build info: version: '3.141.59', revision: 'e82be7d358', time: '2018-11-14T08:17:03'
System info: host: 'MacBook-Air-Diana.local', ip: '2a06:c701:4697:7100:ccdd:7b94:e540:1d5f%en0', os.name: 'Mac OS X', os.arch: 'x86_64', os.version: '13.5.1', java.version: '1.8.0_333'
Driver info: org.openqa.selenium.chrome.ChromeDriver
Capabilities {acceptInsecureCerts: false, browserName: chrome, browserVersion: 118.0.5993.70, chrome: {chromedriverVersion: 118.0.5993.70 (e52f33f30b91..., userDataDir: /var/folders/gq/rwgcn5sx47j...}, fedcm:accounts: true, goog:chromeOptions: {debuggerAddress: localhost:50516}, javascriptEnabled: true, networkConnectionEnabled: false, pageLoadStrategy: normal, platform: MAC, platformName: MAC, proxy: Proxy(), setWindowRect: true, strictFileInteractability: false, timeouts: {implicit: 0, pageLoad: 300000, script: 30000}, unhandledPromptBehavior: dismiss and notify, webauthn:extension:credBlob: true, webauthn:extension:largeBlob: true, webauthn:extension:minPinLength: true, webauthn:extension:prf: true, webauthn:virtualAuthenticators: true}
Session ID: b5c486386c3c68447b0d04140b0f674e
*** Element info: {Using=xpath, value=//*[.='LOGIN']}
2023-10-14 16:26:39,237 INFO  m.WDListener [WDListener.java:34] org.openqa.selenium.NoSuchElementException: no such element: Unable to locate element: {"method":"xpath","selector":"//*[.='LOGIN']"}
  (Session info: chrome=118.0.5993.70)
For documentation on this error, please visit: https://www.seleniumhq.org/exceptions/no_such_element.html
Build info: version: '3.141.59', revision: 'e82be7d358', time: '2018-11-14T08:17:03'
System info: host: 'MacBook-Air-Diana.local', ip: '2a06:c701:4697:7100:ccdd:7b94:e540:1d5f%en0', os.name: 'Mac OS X', os.arch: 'x86_64', os.version: '13.5.1', java.version: '1.8.0_333'
Driver info: org.openqa.selenium.chrome.ChromeDriver
Capabilities {acceptInsecureCerts: false, browserName: chrome, browserVersion: 118.0.5993.70, chrome: {chromedriverVersion: 118.0.5993.70 (e52f33f30b91..., userDataDir: /var/folders/gq/rwgcn5sx47j...}, fedcm:accounts: true, goog:chromeOptions: {debuggerAddress: localhost:50516}, javascriptEnabled: true, networkConnectionEnabled: false, pageLoadStrategy: normal, platform: MAC, platformName: MAC, proxy: Proxy(), setWindowRect: true, strictFileInteractability: false, timeouts: {implicit: 0, pageLoad: 300000, script: 30000}, unhandledPromptBehavior: dismiss and notify, webauthn:extension:credBlob: true, webauthn:extension:largeBlob: true, webauthn:extension:minPinLength: true, webauthn:extension:prf: true, webauthn:virtualAuthenticators: true}
Session ID: b5c486386c3c68447b0d04140b0f674e
*** Element info: {Using=xpath, value=//*[.='LOGIN']}
2023-10-14 16:26:39,770 INFO  m.WDListener [WDListener.java:39] Here is the path to screenshot with error ---> src/main/resources/screenshots/screenshot-1599.png
2023-10-14 16:26:39,771 INFO  m.NGListner [NGListner.java:27] Failure test --->org.openqa.selenium.NoSuchElementException: no such element: Unable to locate element: {"method":"xpath","selector":"//*[.='LOGIN']"}
  (Session info: chrome=118.0.5993.70)
For documentation on this error, please visit: https://www.seleniumhq.org/exceptions/no_such_element.html
Build info: version: '3.141.59', revision: 'e82be7d358', time: '2018-11-14T08:17:03'
System info: host: 'MacBook-Air-Diana.local', ip: '2a06:c701:4697:7100:ccdd:7b94:e540:1d5f%en0', os.name: 'Mac OS X', os.arch: 'x86_64', os.version: '13.5.1', java.version: '1.8.0_333'
Driver info: org.openqa.selenium.chrome.ChromeDriver
Capabilities {acceptInsecureCerts: false, browserName: chrome, browserVersion: 118.0.5993.70, chrome: {chromedriverVersion: 118.0.5993.70 (e52f33f30b91..., userDataDir: /var/folders/gq/rwgcn5sx47j...}, fedcm:accounts: true, goog:chromeOptions: {debuggerAddress: localhost:50516}, javascriptEnabled: true, networkConnectionEnabled: false, pageLoadStrategy: normal, platform: MAC, platformName: MAC, proxy: Proxy(), setWindowRect: true, strictFileInteractability: false, timeouts: {implicit: 0, pageLoad: 300000, script: 30000}, unhandledPromptBehavior: dismiss and notify, webauthn:extension:credBlob: true, webauthn:extension:largeBlob: true, webauthn:extension:minPinLength: true, webauthn:extension:prf: true, webauthn:virtualAuthenticators: true}
Session ID: b5c486386c3c68447b0d04140b0f674e
*** Element info: {Using=xpath, value=//*[.='LOGIN']}
2023-10-14 16:26:39,774 INFO  t.TestBase [TestBase.java:24] Finished test ----> loginPositiveTestUserDTO
2023-10-14 16:26:39,774 INFO  t.TestBase [TestBase.java:25] ==================================================
2023-10-14 16:26:39,872 INFO  m.ApplicationManager [ApplicationManager.java:51] Test completed
