2023-10-14 16:46:38,599 INFO  m.ApplicationManager [ApplicationManager.java:30] Test started on Chrome
2023-10-14 16:46:46,777 INFO  m.ApplicationManager [ApplicationManager.java:41] Navigated to the link ---https://telranedu.web.app/home
2023-10-14 16:46:46,830 INFO  t.TestBase [TestBase.java:20] Started test ----> loginPositiveUserDTO
2023-10-14 16:46:46,831 INFO  m.NGListner [NGListner.java:15] Start og the test --->loginPositiveUserDTO
2023-10-14 16:46:46,832 INFO  m.WDListener [WDListener.java:20] start searching element by locator --->By.xpath: //*[.='LOGIN']
2023-10-14 16:46:46,912 INFO  m.WDListener [WDListener.java:26] element with locator --->By.xpath: //*[.='LOGIN']is found
2023-10-14 16:46:47,303 INFO  m.WDListener [WDListener.java:20] start searching element by locator --->By.xpath: //input[1]
2023-10-14 16:46:47,416 INFO  m.WDListener [WDListener.java:26] element with locator --->By.xpath: //input[1]is found
2023-10-14 16:46:48,113 INFO  m.WDListener [WDListener.java:20] start searching element by locator --->By.xpath: //input[2]
2023-10-14 16:46:48,131 INFO  m.WDListener [WDListener.java:26] element with locator --->By.xpath: //input[2]is found
2023-10-14 16:46:48,372 INFO  m.WDListener [WDListener.java:20] start searching element by locator --->By.xpath: //button[1]
2023-10-14 16:46:48,393 INFO  m.WDListener [WDListener.java:26] element with locator --->By.xpath: //button[1]is found
2023-10-14 16:46:51,684 INFO  m.WDListener [WDListener.java:20] start searching element by locator --->By.tagName: button
2023-10-14 16:46:51,744 INFO  m.WDListener [WDListener.java:32] something went wrong!!!
2023-10-14 16:46:51,744 INFO  m.WDListener [WDListener.java:33] unexpected alert open: {Alert text : undefined}
  (Session info: chrome=118.0.5993.70): undefined
Build info: version: '3.141.59', revision: 'e82be7d358', time: '2018-11-14T08:17:03'
System info: host: 'MacBook-Air-Diana.local', ip: '2a06:c701:4697:7100:ccdd:7b94:e540:1d5f%en0', os.name: 'Mac OS X', os.arch: 'x86_64', os.version: '13.5.1', java.version: '1.8.0_333'
Driver info: org.openqa.selenium.chrome.ChromeDriver
Capabilities {acceptInsecureCerts: false, browserName: chrome, browserVersion: 118.0.5993.70, chrome: {chromedriverVersion: 118.0.5993.70 (e52f33f30b91..., userDataDir: /var/folders/gq/rwgcn5sx47j...}, fedcm:accounts: true, goog:chromeOptions: {debuggerAddress: localhost:50683}, javascriptEnabled: true, networkConnectionEnabled: false, pageLoadStrategy: normal, platform: MAC, platformName: MAC, proxy: Proxy(), setWindowRect: true, strictFileInteractability: false, timeouts: {implicit: 0, pageLoad: 300000, script: 30000}, unhandledPromptBehavior: dismiss and notify, webauthn:extension:credBlob: true, webauthn:extension:largeBlob: true, webauthn:extension:minPinLength: true, webauthn:extension:prf: true, webauthn:virtualAuthenticators: true}
Session ID: d176f5ec1f1b56c11d101670ec6e683f
*** Element info: {Using=tag name, value=button}
2023-10-14 16:46:51,745 INFO  m.WDListener [WDListener.java:34] org.openqa.selenium.UnhandledAlertException: unexpected alert open: {Alert text : undefined}
  (Session info: chrome=118.0.5993.70): undefined
Build info: version: '3.141.59', revision: 'e82be7d358', time: '2018-11-14T08:17:03'
System info: host: 'MacBook-Air-Diana.local', ip: '2a06:c701:4697:7100:ccdd:7b94:e540:1d5f%en0', os.name: 'Mac OS X', os.arch: 'x86_64', os.version: '13.5.1', java.version: '1.8.0_333'
Driver info: org.openqa.selenium.chrome.ChromeDriver
Capabilities {acceptInsecureCerts: false, browserName: chrome, browserVersion: 118.0.5993.70, chrome: {chromedriverVersion: 118.0.5993.70 (e52f33f30b91..., userDataDir: /var/folders/gq/rwgcn5sx47j...}, fedcm:accounts: true, goog:chromeOptions: {debuggerAddress: localhost:50683}, javascriptEnabled: true, networkConnectionEnabled: false, pageLoadStrategy: normal, platform: MAC, platformName: MAC, proxy: Proxy(), setWindowRect: true, strictFileInteractability: false, timeouts: {implicit: 0, pageLoad: 300000, script: 30000}, unhandledPromptBehavior: dismiss and notify, webauthn:extension:credBlob: true, webauthn:extension:largeBlob: true, webauthn:extension:minPinLength: true, webauthn:extension:prf: true, webauthn:virtualAuthenticators: true}
Session ID: d176f5ec1f1b56c11d101670ec6e683f
*** Element info: {Using=tag name, value=button}
2023-10-14 16:46:52,428 INFO  m.WDListener [WDListener.java:39] Here is the path to screenshot with error ---> src/main/resources/screenshots/screenshot-2811.png
2023-10-14 16:46:52,434 INFO  m.NGListner [NGListner.java:27] Failure test --->org.openqa.selenium.UnhandledAlertException: unexpected alert open: {Alert text : undefined}
  (Session info: chrome=118.0.5993.70): undefined
Build info: version: '3.141.59', revision: 'e82be7d358', time: '2018-11-14T08:17:03'
System info: host: 'MacBook-Air-Diana.local', ip: '2a06:c701:4697:7100:ccdd:7b94:e540:1d5f%en0', os.name: 'Mac OS X', os.arch: 'x86_64', os.version: '13.5.1', java.version: '1.8.0_333'
Driver info: org.openqa.selenium.chrome.ChromeDriver
Capabilities {acceptInsecureCerts: false, browserName: chrome, browserVersion: 118.0.5993.70, chrome: {chromedriverVersion: 118.0.5993.70 (e52f33f30b91..., userDataDir: /var/folders/gq/rwgcn5sx47j...}, fedcm:accounts: true, goog:chromeOptions: {debuggerAddress: localhost:50683}, javascriptEnabled: true, networkConnectionEnabled: false, pageLoadStrategy: normal, platform: MAC, platformName: MAC, proxy: Proxy(), setWindowRect: true, strictFileInteractability: false, timeouts: {implicit: 0, pageLoad: 300000, script: 30000}, unhandledPromptBehavior: dismiss and notify, webauthn:extension:credBlob: true, webauthn:extension:largeBlob: true, webauthn:extension:minPinLength: true, webauthn:extension:prf: true, webauthn:virtualAuthenticators: true}
Session ID: d176f5ec1f1b56c11d101670ec6e683f
*** Element info: {Using=tag name, value=button}
2023-10-14 16:46:52,437 INFO  t.TestBase [TestBase.java:24] Finished test ----> loginPositiveUserDTO
2023-10-14 16:46:52,437 INFO  t.TestBase [TestBase.java:25] ==================================================
2023-10-14 16:46:52,438 INFO  t.TestBase [TestBase.java:20] Started test ----> loginPositiveUserDTO
2023-10-14 16:46:52,438 INFO  m.NGListner [NGListner.java:15] Start og the test --->loginPositiveUserDTO
2023-10-14 16:46:52,439 INFO  m.WDListener [WDListener.java:20] start searching element by locator --->By.xpath: //*[.='LOGIN']
2023-10-14 16:46:52,481 INFO  m.WDListener [WDListener.java:26] element with locator --->By.xpath: //*[.='LOGIN']is found
2023-10-14 16:46:52,565 INFO  m.WDListener [WDListener.java:20] start searching element by locator --->By.xpath: //input[1]
2023-10-14 16:46:52,592 INFO  m.WDListener [WDListener.java:26] element with locator --->By.xpath: //input[1]is found
2023-10-14 16:46:52,832 INFO  m.WDListener [WDListener.java:20] start searching element by locator --->By.xpath: //input[2]
2023-10-14 16:46:52,857 INFO  m.WDListener [WDListener.java:26] element with locator --->By.xpath: //input[2]is found
2023-10-14 16:46:52,989 INFO  m.WDListener [WDListener.java:20] start searching element by locator --->By.xpath: //button[1]
2023-10-14 16:46:53,016 INFO  m.WDListener [WDListener.java:26] element with locator --->By.xpath: //button[1]is found
2023-10-14 16:46:56,127 INFO  m.WDListener [WDListener.java:20] start searching element by locator --->By.tagName: button
2023-10-14 16:46:57,559 INFO  m.WDListener [WDListener.java:26] element with locator --->By.tagName: buttonis found
2023-10-14 16:46:57,561 INFO  m.WDListener [WDListener.java:20] start searching element by locator --->By.xpath: //*[.='Sign Out']
2023-10-14 16:46:57,574 INFO  m.WDListener [WDListener.java:26] element with locator --->By.xpath: //*[.='Sign Out']is found
2023-10-14 16:46:57,642 INFO  m.NGListner [NGListner.java:21] Success test --->loginPositiveUserDTO
2023-10-14 16:46:57,645 INFO  t.TestBase [TestBase.java:24] Finished test ----> loginPositiveUserDTO
2023-10-14 16:46:57,646 INFO  t.TestBase [TestBase.java:25] ==================================================
2023-10-14 16:46:57,647 INFO  t.TestBase [TestBase.java:20] Started test ----> loginPositiveUserDTO
2023-10-14 16:46:57,647 INFO  m.NGListner [NGListner.java:15] Start og the test --->loginPositiveUserDTO
2023-10-14 16:46:57,647 INFO  m.WDListener [WDListener.java:20] start searching element by locator --->By.xpath: //*[.='LOGIN']
2023-10-14 16:46:57,656 INFO  m.WDListener [WDListener.java:26] element with locator --->By.xpath: //*[.='LOGIN']is found
2023-10-14 16:46:57,775 INFO  m.WDListener [WDListener.java:20] start searching element by locator --->By.xpath: //input[1]
2023-10-14 16:46:57,796 INFO  m.WDListener [WDListener.java:26] element with locator --->By.xpath: //input[1]is found
2023-10-14 16:46:57,988 INFO  m.WDListener [WDListener.java:20] start searching element by locator --->By.xpath: //input[2]
2023-10-14 16:46:57,996 INFO  m.WDListener [WDListener.java:26] element with locator --->By.xpath: //input[2]is found
2023-10-14 16:46:58,123 INFO  m.WDListener [WDListener.java:20] start searching element by locator --->By.xpath: //button[1]
2023-10-14 16:46:58,137 INFO  m.WDListener [WDListener.java:26] element with locator --->By.xpath: //button[1]is found
2023-10-14 16:47:01,208 INFO  m.WDListener [WDListener.java:20] start searching element by locator --->By.tagName: button
2023-10-14 16:47:01,255 INFO  m.WDListener [WDListener.java:26] element with locator --->By.tagName: buttonis found
2023-10-14 16:47:01,255 INFO  m.WDListener [WDListener.java:20] start searching element by locator --->By.xpath: //*[.='Sign Out']
2023-10-14 16:47:01,288 INFO  m.WDListener [WDListener.java:26] element with locator --->By.xpath: //*[.='Sign Out']is found
2023-10-14 16:47:01,370 INFO  m.NGListner [NGListner.java:21] Success test --->loginPositiveUserDTO
2023-10-14 16:47:01,371 INFO  t.TestBase [TestBase.java:24] Finished test ----> loginPositiveUserDTO
2023-10-14 16:47:01,372 INFO  t.TestBase [TestBase.java:25] ==================================================
2023-10-14 16:47:01,464 INFO  m.ApplicationManager [ApplicationManager.java:51] Test completed
