2023-09-30 19:04:22,579 INFO  m.ApplicationManager [ApplicationManager.java:28] Navigated to the link ---https://telranedu.web.app/home
2023-09-30 19:04:22,619 INFO  t.TestBase [TestBase.java:19] Started test ----> loginPositiveTest
2023-09-30 19:04:22,620 INFO  t.TestBase [TestBase.java:24] Finished test ----> loginPositiveTest
2023-09-30 19:04:22,621 INFO  t.TestBase [TestBase.java:25] ==================================================
2023-09-30 19:04:22,622 INFO  m.NGListner [NGListner.java:15] Start og the test --->loginPositiveTest
2023-09-30 19:04:22,624 INFO  m.WDListener [WDListener.java:20] start searching element by locator --->By.xpath: //*[.='LOGIN']
2023-09-30 19:04:22,689 INFO  m.WDListener [WDListener.java:26] element with locator --->By.xpath: //*[.='LOGIN']is found
2023-09-30 19:04:23,082 INFO  m.WDListener [WDListener.java:20] start searching element by locator --->By.xpath: //input[1]
2023-09-30 19:04:23,194 INFO  m.WDListener [WDListener.java:26] element with locator --->By.xpath: //input[1]is found
2023-09-30 19:04:23,815 INFO  m.WDListener [WDListener.java:20] start searching element by locator --->By.xpath: input[2]
2023-09-30 19:04:26,890 INFO  m.WDListener [WDListener.java:32] something went wrong!!!
2023-09-30 19:04:26,890 INFO  m.WDListener [WDListener.java:33] no such element: Unable to locate element: {"method":"xpath","selector":"input[2]"}
  (Session info: chrome=117.0.5938.92)
For documentation on this error, please visit: https://www.seleniumhq.org/exceptions/no_such_element.html
Build info: version: '3.141.59', revision: 'e82be7d358', time: '2018-11-14T08:17:03'
System info: host: 'MacBook-Air-Diana.local', ip: '2a06:c701:4684:4200:474:b769:feef:8fe5%en0', os.name: 'Mac OS X', os.arch: 'x86_64', os.version: '13.5.1', java.version: '1.8.0_333'
Driver info: org.openqa.selenium.chrome.ChromeDriver
Capabilities {acceptInsecureCerts: false, browserName: chrome, browserVersion: 117.0.5938.92, chrome: {chromedriverVersion: 116.0.5845.96 (1a3918166880..., userDataDir: /var/folders/gq/rwgcn5sx47j...}, fedcm:accounts: true, goog:chromeOptions: {debuggerAddress: localhost:49510}, javascriptEnabled: true, networkConnectionEnabled: false, pageLoadStrategy: normal, platform: MAC, platformName: MAC, proxy: Proxy(), setWindowRect: true, strictFileInteractability: false, timeouts: {implicit: 0, pageLoad: 300000, script: 30000}, unhandledPromptBehavior: dismiss and notify, webauthn:extension:credBlob: true, webauthn:extension:largeBlob: true, webauthn:extension:minPinLength: true, webauthn:extension:prf: true, webauthn:virtualAuthenticators: true}
Session ID: 9d432fdd6cf752545e8d1fcce29d26f4
*** Element info: {Using=xpath, value=input[2]}
2023-09-30 19:04:26,891 INFO  m.WDListener [WDListener.java:34] org.openqa.selenium.NoSuchElementException: no such element: Unable to locate element: {"method":"xpath","selector":"input[2]"}
  (Session info: chrome=117.0.5938.92)
For documentation on this error, please visit: https://www.seleniumhq.org/exceptions/no_such_element.html
Build info: version: '3.141.59', revision: 'e82be7d358', time: '2018-11-14T08:17:03'
System info: host: 'MacBook-Air-Diana.local', ip: '2a06:c701:4684:4200:474:b769:feef:8fe5%en0', os.name: 'Mac OS X', os.arch: 'x86_64', os.version: '13.5.1', java.version: '1.8.0_333'
Driver info: org.openqa.selenium.chrome.ChromeDriver
Capabilities {acceptInsecureCerts: false, browserName: chrome, browserVersion: 117.0.5938.92, chrome: {chromedriverVersion: 116.0.5845.96 (1a3918166880..., userDataDir: /var/folders/gq/rwgcn5sx47j...}, fedcm:accounts: true, goog:chromeOptions: {debuggerAddress: localhost:49510}, javascriptEnabled: true, networkConnectionEnabled: false, pageLoadStrategy: normal, platform: MAC, platformName: MAC, proxy: Proxy(), setWindowRect: true, strictFileInteractability: false, timeouts: {implicit: 0, pageLoad: 300000, script: 30000}, unhandledPromptBehavior: dismiss and notify, webauthn:extension:credBlob: true, webauthn:extension:largeBlob: true, webauthn:extension:minPinLength: true, webauthn:extension:prf: true, webauthn:virtualAuthenticators: true}
Session ID: 9d432fdd6cf752545e8d1fcce29d26f4
*** Element info: {Using=xpath, value=input[2]}
2023-09-30 19:04:27,368 INFO  m.WDListener [WDListener.java:39] Here is the path to screenshot with error ---> src/main/resources/screenshots/screenshot-266.png
2023-09-30 19:04:27,372 INFO  m.NGListner [NGListner.java:27] Failure test --->org.openqa.selenium.NoSuchElementException: no such element: Unable to locate element: {"method":"xpath","selector":"input[2]"}
  (Session info: chrome=117.0.5938.92)
For documentation on this error, please visit: https://www.seleniumhq.org/exceptions/no_such_element.html
Build info: version: '3.141.59', revision: 'e82be7d358', time: '2018-11-14T08:17:03'
System info: host: 'MacBook-Air-Diana.local', ip: '2a06:c701:4684:4200:474:b769:feef:8fe5%en0', os.name: 'Mac OS X', os.arch: 'x86_64', os.version: '13.5.1', java.version: '1.8.0_333'
Driver info: org.openqa.selenium.chrome.ChromeDriver
Capabilities {acceptInsecureCerts: false, browserName: chrome, browserVersion: 117.0.5938.92, chrome: {chromedriverVersion: 116.0.5845.96 (1a3918166880..., userDataDir: /var/folders/gq/rwgcn5sx47j...}, fedcm:accounts: true, goog:chromeOptions: {debuggerAddress: localhost:49510}, javascriptEnabled: true, networkConnectionEnabled: false, pageLoadStrategy: normal, platform: MAC, platformName: MAC, proxy: Proxy(), setWindowRect: true, strictFileInteractability: false, timeouts: {implicit: 0, pageLoad: 300000, script: 30000}, unhandledPromptBehavior: dismiss and notify, webauthn:extension:credBlob: true, webauthn:extension:largeBlob: true, webauthn:extension:minPinLength: true, webauthn:extension:prf: true, webauthn:virtualAuthenticators: true}
Session ID: 9d432fdd6cf752545e8d1fcce29d26f4
*** Element info: {Using=xpath, value=input[2]}
2023-09-30 19:04:27,378 INFO  t.TestBase [TestBase.java:24] Finished test ----> loginPositiveTest
2023-09-30 19:04:27,378 INFO  t.TestBase [TestBase.java:25] ==================================================
2023-09-30 19:04:27,477 INFO  m.ApplicationManager [ApplicationManager.java:37] Test completed
