2023-10-13 15:34:23,701 INFO  m.ApplicationManager [ApplicationManager.java:29] Navigated to the link ---https://telranedu.web.app/home
2023-10-13 15:34:23,750 INFO  t.TestBase [TestBase.java:19] Started test ----> loginNegativeTestWrongEmail
2023-10-13 15:34:23,753 INFO  t.TestBase [TestBase.java:24] Finished test ----> loginNegativeTestWrongEmail
2023-10-13 15:34:23,753 INFO  t.TestBase [TestBase.java:25] ==================================================
2023-10-13 15:34:23,754 INFO  m.NGListner [NGListner.java:15] Start og the test --->loginNegativeTestWrongEmail
2023-10-13 15:34:23,756 INFO  m.WDListener [WDListener.java:20] start searching element by locator --->By.xpath: //*[.='LOGIN']
2023-10-13 15:34:23,830 INFO  m.WDListener [WDListener.java:26] element with locator --->By.xpath: //*[.='LOGIN']is found
2023-10-13 15:34:24,244 INFO  m.WDListener [WDListener.java:20] start searching element by locator --->By.xpath: //input[1]
2023-10-13 15:34:24,461 INFO  m.WDListener [WDListener.java:26] element with locator --->By.xpath: //input[1]is found
2023-10-13 15:34:25,094 INFO  m.WDListener [WDListener.java:20] start searching element by locator --->By.xpath: //input[2]
2023-10-13 15:34:25,130 INFO  m.WDListener [WDListener.java:26] element with locator --->By.xpath: //input[2]is found
2023-10-13 15:34:25,347 INFO  m.WDListener [WDListener.java:20] start searching element by locator --->By.xpath: //button[1]
2023-10-13 15:34:25,370 INFO  m.WDListener [WDListener.java:26] element with locator --->By.xpath: //button[1]is found
2023-10-13 15:34:27,164 INFO  m.NGListner [NGListner.java:21] Success test --->loginNegativeTestWrongEmail
2023-10-13 15:34:27,167 INFO  t.TestBase [TestBase.java:24] Finished test ----> loginNegativeTestWrongEmail
2023-10-13 15:34:27,168 INFO  t.TestBase [TestBase.java:25] ==================================================
2023-10-13 15:34:27,169 INFO  t.TestBase [TestBase.java:19] Started test ----> loginNegativeTestWrongPassword
2023-10-13 15:34:27,170 INFO  t.TestBase [TestBase.java:24] Finished test ----> loginNegativeTestWrongPassword
2023-10-13 15:34:27,171 INFO  t.TestBase [TestBase.java:25] ==================================================
2023-10-13 15:34:27,171 INFO  m.NGListner [NGListner.java:15] Start og the test --->loginNegativeTestWrongPassword
2023-10-13 15:34:27,172 INFO  m.WDListener [WDListener.java:20] start searching element by locator --->By.xpath: //*[.='LOGIN']
2023-10-13 15:34:27,262 INFO  m.WDListener [WDListener.java:26] element with locator --->By.xpath: //*[.='LOGIN']is found
2023-10-13 15:34:27,380 INFO  m.WDListener [WDListener.java:20] start searching element by locator --->By.xpath: //input[1]
2023-10-13 15:34:27,399 INFO  m.WDListener [WDListener.java:26] element with locator --->By.xpath: //input[1]is found
2023-10-13 15:34:27,508 INFO  m.WDListener [WDListener.java:20] start searching element by locator --->By.xpath: //input[2]
2023-10-13 15:34:27,549 INFO  m.WDListener [WDListener.java:26] element with locator --->By.xpath: //input[2]is found
2023-10-13 15:34:27,843 INFO  m.WDListener [WDListener.java:20] start searching element by locator --->By.xpath: //button[1]
2023-10-13 15:34:27,870 INFO  m.WDListener [WDListener.java:26] element with locator --->By.xpath: //button[1]is found
2023-10-13 15:34:28,992 INFO  m.NGListner [NGListner.java:21] Success test --->loginNegativeTestWrongPassword
2023-10-13 15:34:28,997 INFO  t.TestBase [TestBase.java:24] Finished test ----> loginNegativeTestWrongPassword
2023-10-13 15:34:28,997 INFO  t.TestBase [TestBase.java:25] ==================================================
2023-10-13 15:34:28,999 INFO  t.TestBase [TestBase.java:19] Started test ----> loginPositiveTest
2023-10-13 15:34:29,000 INFO  t.TestBase [TestBase.java:24] Finished test ----> loginPositiveTest
2023-10-13 15:34:29,001 INFO  t.TestBase [TestBase.java:25] ==================================================
2023-10-13 15:34:29,001 INFO  m.NGListner [NGListner.java:15] Start og the test --->loginPositiveTest
2023-10-13 15:34:29,002 INFO  m.WDListener [WDListener.java:20] start searching element by locator --->By.xpath: //*[.='LOGIN']
2023-10-13 15:34:29,033 INFO  m.WDListener [WDListener.java:26] element with locator --->By.xpath: //*[.='LOGIN']is found
2023-10-13 15:34:29,116 INFO  m.WDListener [WDListener.java:20] start searching element by locator --->By.xpath: //input[1]
2023-10-13 15:34:29,127 INFO  m.WDListener [WDListener.java:26] element with locator --->By.xpath: //input[1]is found
2023-10-13 15:34:29,231 INFO  m.WDListener [WDListener.java:20] start searching element by locator --->By.xpath: //input[2]
2023-10-13 15:34:29,248 INFO  m.WDListener [WDListener.java:26] element with locator --->By.xpath: //input[2]is found
2023-10-13 15:34:29,419 INFO  m.WDListener [WDListener.java:20] start searching element by locator --->By.xpath: //button[1]
2023-10-13 15:34:29,427 INFO  m.WDListener [WDListener.java:26] element with locator --->By.xpath: //button[1]is found
2023-10-13 15:34:29,523 INFO  m.WDListener [WDListener.java:20] start searching element by locator --->By.tagName: button
2023-10-13 15:34:29,998 INFO  m.WDListener [WDListener.java:26] element with locator --->By.tagName: buttonis found
2023-10-13 15:34:30,000 INFO  m.NGListner [NGListner.java:21] Success test --->loginPositiveTest
2023-10-13 15:34:30,003 INFO  t.TestBase [TestBase.java:24] Finished test ----> loginPositiveTest
2023-10-13 15:34:30,003 INFO  t.TestBase [TestBase.java:25] ==================================================
2023-10-13 15:34:30,003 INFO  t.TestBase [TestBase.java:19] Started test ----> loginPositiveTestModel
2023-10-13 15:34:30,006 INFO  t.TestBase [TestBase.java:24] Finished test ----> loginPositiveTestModel
2023-10-13 15:34:30,006 INFO  t.TestBase [TestBase.java:25] ==================================================
2023-10-13 15:34:30,006 INFO  m.NGListner [NGListner.java:15] Start og the test --->loginPositiveTestModel
2023-10-13 15:34:30,008 INFO  m.WDListener [WDListener.java:20] start searching element by locator --->By.xpath: //*[.='LOGIN']
2023-10-13 15:34:33,075 INFO  m.WDListener [WDListener.java:32] something went wrong!!!
2023-10-13 15:34:33,077 INFO  m.WDListener [WDListener.java:33] no such element: Unable to locate element: {"method":"xpath","selector":"//*[.='LOGIN']"}
  (Session info: chrome=118.0.5993.70)
For documentation on this error, please visit: https://www.seleniumhq.org/exceptions/no_such_element.html
Build info: version: '3.141.59', revision: 'e82be7d358', time: '2018-11-14T08:17:03'
System info: host: 'MacBook-Air-Diana.local', ip: '2a06:c701:4697:7100:dc2d:80d9:d844:d675%en0', os.name: 'Mac OS X', os.arch: 'x86_64', os.version: '13.5.1', java.version: '1.8.0_333'
Driver info: org.openqa.selenium.chrome.ChromeDriver
Capabilities {acceptInsecureCerts: false, browserName: chrome, browserVersion: 118.0.5993.70, chrome: {chromedriverVersion: 118.0.5993.70 (e52f33f30b91..., userDataDir: /var/folders/gq/rwgcn5sx47j...}, fedcm:accounts: true, goog:chromeOptions: {debuggerAddress: localhost:49326}, javascriptEnabled: true, networkConnectionEnabled: false, pageLoadStrategy: normal, platform: MAC, platformName: MAC, proxy: Proxy(), setWindowRect: true, strictFileInteractability: false, timeouts: {implicit: 0, pageLoad: 300000, script: 30000}, unhandledPromptBehavior: dismiss and notify, webauthn:extension:credBlob: true, webauthn:extension:largeBlob: true, webauthn:extension:minPinLength: true, webauthn:extension:prf: true, webauthn:virtualAuthenticators: true}
Session ID: 5000ff2a8768d869abf770e21a9ae9b1
*** Element info: {Using=xpath, value=//*[.='LOGIN']}
2023-10-13 15:34:33,078 INFO  m.WDListener [WDListener.java:34] org.openqa.selenium.NoSuchElementException: no such element: Unable to locate element: {"method":"xpath","selector":"//*[.='LOGIN']"}
  (Session info: chrome=118.0.5993.70)
For documentation on this error, please visit: https://www.seleniumhq.org/exceptions/no_such_element.html
Build info: version: '3.141.59', revision: 'e82be7d358', time: '2018-11-14T08:17:03'
System info: host: 'MacBook-Air-Diana.local', ip: '2a06:c701:4697:7100:dc2d:80d9:d844:d675%en0', os.name: 'Mac OS X', os.arch: 'x86_64', os.version: '13.5.1', java.version: '1.8.0_333'
Driver info: org.openqa.selenium.chrome.ChromeDriver
Capabilities {acceptInsecureCerts: false, browserName: chrome, browserVersion: 118.0.5993.70, chrome: {chromedriverVersion: 118.0.5993.70 (e52f33f30b91..., userDataDir: /var/folders/gq/rwgcn5sx47j...}, fedcm:accounts: true, goog:chromeOptions: {debuggerAddress: localhost:49326}, javascriptEnabled: true, networkConnectionEnabled: false, pageLoadStrategy: normal, platform: MAC, platformName: MAC, proxy: Proxy(), setWindowRect: true, strictFileInteractability: false, timeouts: {implicit: 0, pageLoad: 300000, script: 30000}, unhandledPromptBehavior: dismiss and notify, webauthn:extension:credBlob: true, webauthn:extension:largeBlob: true, webauthn:extension:minPinLength: true, webauthn:extension:prf: true, webauthn:virtualAuthenticators: true}
Session ID: 5000ff2a8768d869abf770e21a9ae9b1
*** Element info: {Using=xpath, value=//*[.='LOGIN']}
2023-10-13 15:34:33,875 INFO  m.WDListener [WDListener.java:39] Here is the path to screenshot with error ---> src/main/resources/screenshots/screenshot-2073.png
2023-10-13 15:34:33,883 INFO  m.NGListner [NGListner.java:27] Failure test --->org.openqa.selenium.NoSuchElementException: no such element: Unable to locate element: {"method":"xpath","selector":"//*[.='LOGIN']"}
  (Session info: chrome=118.0.5993.70)
For documentation on this error, please visit: https://www.seleniumhq.org/exceptions/no_such_element.html
Build info: version: '3.141.59', revision: 'e82be7d358', time: '2018-11-14T08:17:03'
System info: host: 'MacBook-Air-Diana.local', ip: '2a06:c701:4697:7100:dc2d:80d9:d844:d675%en0', os.name: 'Mac OS X', os.arch: 'x86_64', os.version: '13.5.1', java.version: '1.8.0_333'
Driver info: org.openqa.selenium.chrome.ChromeDriver
Capabilities {acceptInsecureCerts: false, browserName: chrome, browserVersion: 118.0.5993.70, chrome: {chromedriverVersion: 118.0.5993.70 (e52f33f30b91..., userDataDir: /var/folders/gq/rwgcn5sx47j...}, fedcm:accounts: true, goog:chromeOptions: {debuggerAddress: localhost:49326}, javascriptEnabled: true, networkConnectionEnabled: false, pageLoadStrategy: normal, platform: MAC, platformName: MAC, proxy: Proxy(), setWindowRect: true, strictFileInteractability: false, timeouts: {implicit: 0, pageLoad: 300000, script: 30000}, unhandledPromptBehavior: dismiss and notify, webauthn:extension:credBlob: true, webauthn:extension:largeBlob: true, webauthn:extension:minPinLength: true, webauthn:extension:prf: true, webauthn:virtualAuthenticators: true}
Session ID: 5000ff2a8768d869abf770e21a9ae9b1
*** Element info: {Using=xpath, value=//*[.='LOGIN']}
2023-10-13 15:34:33,889 INFO  t.TestBase [TestBase.java:24] Finished test ----> loginPositiveTestModel
2023-10-13 15:34:33,890 INFO  t.TestBase [TestBase.java:25] ==================================================
2023-10-13 15:34:34,004 INFO  m.ApplicationManager [ApplicationManager.java:39] Test completed
