2023-10-14 15:34:15,727 INFO  m.ApplicationManager [ApplicationManager.java:37] Test started on Firefox
2023-10-14 15:34:16,679 INFO  m.ApplicationManager [ApplicationManager.java:41] Navigated to the link ---https://telranedu.web.app/home
2023-10-14 15:34:16,724 INFO  t.TestBase [TestBase.java:20] Started test ----> loginNegativeTestWrongEmail
2023-10-14 15:34:16,726 INFO  m.NGListner [NGListner.java:15] Start og the test --->loginNegativeTestWrongEmail
2023-10-14 15:34:16,727 INFO  m.WDListener [WDListener.java:20] start searching element by locator --->By.xpath: //*[.='LOGIN']
2023-10-14 15:34:16,750 INFO  m.WDListener [WDListener.java:26] element with locator --->By.xpath: //*[.='LOGIN']is found
2023-10-14 15:34:17,022 INFO  m.WDListener [WDListener.java:20] start searching element by locator --->By.xpath: //input[1]
2023-10-14 15:34:17,028 INFO  m.WDListener [WDListener.java:26] element with locator --->By.xpath: //input[1]is found
2023-10-14 15:34:17,350 INFO  m.WDListener [WDListener.java:20] start searching element by locator --->By.xpath: //input[2]
2023-10-14 15:34:17,359 INFO  m.WDListener [WDListener.java:26] element with locator --->By.xpath: //input[2]is found
2023-10-14 15:34:17,638 INFO  m.WDListener [WDListener.java:20] start searching element by locator --->By.xpath: //button[1]
2023-10-14 15:34:17,645 INFO  m.WDListener [WDListener.java:26] element with locator --->By.xpath: //button[1]is found
2023-10-14 15:34:18,969 INFO  m.NGListner [NGListner.java:21] Success test --->loginNegativeTestWrongEmail
2023-10-14 15:34:18,971 INFO  t.TestBase [TestBase.java:24] Finished test ----> loginNegativeTestWrongEmail
2023-10-14 15:34:18,972 INFO  t.TestBase [TestBase.java:25] ==================================================
2023-10-14 15:34:18,974 INFO  t.TestBase [TestBase.java:20] Started test ----> loginNegativeTestWrongPassword
2023-10-14 15:34:18,975 INFO  m.NGListner [NGListner.java:15] Start og the test --->loginNegativeTestWrongPassword
2023-10-14 15:34:18,975 INFO  m.WDListener [WDListener.java:20] start searching element by locator --->By.xpath: //*[.='LOGIN']
2023-10-14 15:34:18,982 INFO  m.WDListener [WDListener.java:26] element with locator --->By.xpath: //*[.='LOGIN']is found
2023-10-14 15:34:19,202 INFO  m.WDListener [WDListener.java:20] start searching element by locator --->By.xpath: //input[1]
2023-10-14 15:34:19,213 INFO  m.WDListener [WDListener.java:26] element with locator --->By.xpath: //input[1]is found
2023-10-14 15:34:19,461 INFO  m.WDListener [WDListener.java:20] start searching element by locator --->By.xpath: //input[2]
2023-10-14 15:34:19,467 INFO  m.WDListener [WDListener.java:26] element with locator --->By.xpath: //input[2]is found
2023-10-14 15:34:19,696 INFO  m.WDListener [WDListener.java:20] start searching element by locator --->By.xpath: //button[1]
2023-10-14 15:34:19,700 INFO  m.WDListener [WDListener.java:26] element with locator --->By.xpath: //button[1]is found
2023-10-14 15:34:20,471 INFO  m.NGListner [NGListner.java:21] Success test --->loginNegativeTestWrongPassword
2023-10-14 15:34:20,473 INFO  t.TestBase [TestBase.java:24] Finished test ----> loginNegativeTestWrongPassword
2023-10-14 15:34:20,473 INFO  t.TestBase [TestBase.java:25] ==================================================
2023-10-14 15:34:20,475 INFO  t.TestBase [TestBase.java:20] Started test ----> loginPositiveTest
2023-10-14 15:34:20,475 INFO  m.NGListner [NGListner.java:15] Start og the test --->loginPositiveTest
2023-10-14 15:34:20,475 INFO  m.WDListener [WDListener.java:20] start searching element by locator --->By.xpath: //*[.='LOGIN']
2023-10-14 15:34:20,480 INFO  m.WDListener [WDListener.java:26] element with locator --->By.xpath: //*[.='LOGIN']is found
2023-10-14 15:34:20,703 INFO  m.WDListener [WDListener.java:20] start searching element by locator --->By.xpath: //input[1]
2023-10-14 15:34:20,715 INFO  m.WDListener [WDListener.java:26] element with locator --->By.xpath: //input[1]is found
2023-10-14 15:34:20,976 INFO  m.WDListener [WDListener.java:20] start searching element by locator --->By.xpath: //input[2]
2023-10-14 15:34:20,990 INFO  m.WDListener [WDListener.java:26] element with locator --->By.xpath: //input[2]is found
2023-10-14 15:34:21,252 INFO  m.WDListener [WDListener.java:20] start searching element by locator --->By.xpath: //button[1]
2023-10-14 15:34:21,263 INFO  m.WDListener [WDListener.java:26] element with locator --->By.xpath: //button[1]is found
2023-10-14 15:34:21,486 INFO  m.WDListener [WDListener.java:20] start searching element by locator --->By.tagName: button
2023-10-14 15:34:21,773 INFO  m.WDListener [WDListener.java:26] element with locator --->By.tagName: buttonis found
2023-10-14 15:34:21,774 INFO  m.NGListner [NGListner.java:21] Success test --->loginPositiveTest
2023-10-14 15:34:21,782 INFO  t.TestBase [TestBase.java:24] Finished test ----> loginPositiveTest
2023-10-14 15:34:21,782 INFO  t.TestBase [TestBase.java:25] ==================================================
2023-10-14 15:34:21,784 INFO  t.TestBase [TestBase.java:20] Started test ----> loginPositiveTestModel
2023-10-14 15:34:21,785 INFO  m.NGListner [NGListner.java:15] Start og the test --->loginPositiveTestModel
2023-10-14 15:34:21,786 INFO  m.WDListener [WDListener.java:20] start searching element by locator --->By.xpath: //*[.='LOGIN']
2023-10-14 15:34:24,815 INFO  m.WDListener [WDListener.java:32] something went wrong!!!
2023-10-14 15:34:24,816 INFO  m.WDListener [WDListener.java:33] Unable to locate element: //*[.='LOGIN']
For documentation on this error, please visit: https://www.seleniumhq.org/exceptions/no_such_element.html
Build info: version: '3.141.59', revision: 'e82be7d358', time: '2018-11-14T08:17:03'
System info: host: 'MacBook-Air-Diana.local', ip: '2a06:c701:4697:7100:ccdd:7b94:e540:1d5f%en0', os.name: 'Mac OS X', os.arch: 'x86_64', os.version: '13.5.1', java.version: '1.8.0_333'
Driver info: org.openqa.selenium.firefox.FirefoxDriver
Capabilities {acceptInsecureCerts: true, browserName: firefox, browserVersion: 118.0.2, javascriptEnabled: true, moz:accessibilityChecks: false, moz:buildID: 20231009140911, moz:geckodriverVersion: 0.33.0, moz:headless: false, moz:platformVersion: 22.6.0, moz:processID: 1510, moz:profile: /var/folders/gq/rwgcn5sx47j..., moz:shutdownTimeout: 60000, moz:webdriverClick: true, moz:windowless: false, pageLoadStrategy: normal, platform: MAC, platformName: MAC, proxy: Proxy(), setWindowRect: true, strictFileInteractability: false, timeouts: {implicit: 0, pageLoad: 300000, script: 30000}, unhandledPromptBehavior: dismiss and notify}
Session ID: 2996983d-c989-4620-89f8-a702e98500e6
*** Element info: {Using=xpath, value=//*[.='LOGIN']}
2023-10-14 15:34:24,817 INFO  m.WDListener [WDListener.java:34] org.openqa.selenium.NoSuchElementException: Unable to locate element: //*[.='LOGIN']
For documentation on this error, please visit: https://www.seleniumhq.org/exceptions/no_such_element.html
Build info: version: '3.141.59', revision: 'e82be7d358', time: '2018-11-14T08:17:03'
System info: host: 'MacBook-Air-Diana.local', ip: '2a06:c701:4697:7100:ccdd:7b94:e540:1d5f%en0', os.name: 'Mac OS X', os.arch: 'x86_64', os.version: '13.5.1', java.version: '1.8.0_333'
Driver info: org.openqa.selenium.firefox.FirefoxDriver
Capabilities {acceptInsecureCerts: true, browserName: firefox, browserVersion: 118.0.2, javascriptEnabled: true, moz:accessibilityChecks: false, moz:buildID: 20231009140911, moz:geckodriverVersion: 0.33.0, moz:headless: false, moz:platformVersion: 22.6.0, moz:processID: 1510, moz:profile: /var/folders/gq/rwgcn5sx47j..., moz:shutdownTimeout: 60000, moz:webdriverClick: true, moz:windowless: false, pageLoadStrategy: normal, platform: MAC, platformName: MAC, proxy: Proxy(), setWindowRect: true, strictFileInteractability: false, timeouts: {implicit: 0, pageLoad: 300000, script: 30000}, unhandledPromptBehavior: dismiss and notify}
Session ID: 2996983d-c989-4620-89f8-a702e98500e6
*** Element info: {Using=xpath, value=//*[.='LOGIN']}
2023-10-14 15:34:25,232 INFO  m.WDListener [WDListener.java:39] Here is the path to screenshot with error ---> src/main/resources/screenshots/screenshot-2064.png
2023-10-14 15:34:25,237 INFO  m.NGListner [NGListner.java:27] Failure test --->org.openqa.selenium.NoSuchElementException: Unable to locate element: //*[.='LOGIN']
For documentation on this error, please visit: https://www.seleniumhq.org/exceptions/no_such_element.html
Build info: version: '3.141.59', revision: 'e82be7d358', time: '2018-11-14T08:17:03'
System info: host: 'MacBook-Air-Diana.local', ip: '2a06:c701:4697:7100:ccdd:7b94:e540:1d5f%en0', os.name: 'Mac OS X', os.arch: 'x86_64', os.version: '13.5.1', java.version: '1.8.0_333'
Driver info: org.openqa.selenium.firefox.FirefoxDriver
Capabilities {acceptInsecureCerts: true, browserName: firefox, browserVersion: 118.0.2, javascriptEnabled: true, moz:accessibilityChecks: false, moz:buildID: 20231009140911, moz:geckodriverVersion: 0.33.0, moz:headless: false, moz:platformVersion: 22.6.0, moz:processID: 1510, moz:profile: /var/folders/gq/rwgcn5sx47j..., moz:shutdownTimeout: 60000, moz:webdriverClick: true, moz:windowless: false, pageLoadStrategy: normal, platform: MAC, platformName: MAC, proxy: Proxy(), setWindowRect: true, strictFileInteractability: false, timeouts: {implicit: 0, pageLoad: 300000, script: 30000}, unhandledPromptBehavior: dismiss and notify}
Session ID: 2996983d-c989-4620-89f8-a702e98500e6
*** Element info: {Using=xpath, value=//*[.='LOGIN']}
2023-10-14 15:34:25,243 INFO  t.TestBase [TestBase.java:24] Finished test ----> loginPositiveTestModel
2023-10-14 15:34:25,243 INFO  t.TestBase [TestBase.java:25] ==================================================
2023-10-14 15:34:25,798 INFO  m.ApplicationManager [ApplicationManager.java:51] Test completed
