2023-10-27 19:22:51,352 INFO  m.ApplicationManager [ApplicationManager.java:44] Test started on Chrome
2023-10-27 19:22:59,001 INFO  m.ApplicationManager [ApplicationManager.java:55] Navigated to the link ---https://telranedu.web.app/home
2023-10-27 19:22:59,052 INFO  t.TestBase [TestBase.java:21] Started test ----> registrationPositiveTestCSV
2023-10-27 19:22:59,054 INFO  m.WDListener [WDListener.java:20] start searching element by locator --->By.xpath: //*[.='Sign Out']
2023-10-27 19:23:02,108 INFO  m.WDListener [WDListener.java:26] element with locator --->By.xpath: //*[.='Sign Out']is found
2023-10-27 19:23:02,111 INFO  m.WDListener [WDListener.java:20] start searching element by locator --->By.xpath: //*[.='LOGIN']
2023-10-27 19:23:02,135 INFO  m.WDListener [WDListener.java:26] element with locator --->By.xpath: //*[.='LOGIN']is found
2023-10-27 19:23:05,483 INFO  m.WDListener [WDListener.java:20] start searching element by locator --->By.xpath: //input[1]
2023-10-27 19:23:05,518 INFO  m.WDListener [WDListener.java:26] element with locator --->By.xpath: //input[1]is found
2023-10-27 19:23:06,166 INFO  m.WDListener [WDListener.java:20] start searching element by locator --->By.xpath: //input[2]
2023-10-27 19:23:06,180 INFO  m.WDListener [WDListener.java:26] element with locator --->By.xpath: //input[2]is found
2023-10-27 19:23:09,432 INFO  m.WDListener [WDListener.java:20] start searching element by locator --->By.xpath: //button[2]
2023-10-27 19:23:09,464 INFO  m.WDListener [WDListener.java:26] element with locator --->By.xpath: //button[2]is found
2023-10-27 19:23:09,651 INFO  t.TestBase [RegistrationTest.java:68] registrationPositiveTest starts with:jessy1710_17@mail.com & $Abcd12345
2023-10-27 19:23:09,651 INFO  m.WDListener [WDListener.java:20] start searching element by locator --->By.tagName: button
2023-10-27 19:23:10,753 INFO  m.WDListener [WDListener.java:26] element with locator --->By.tagName: buttonis found
2023-10-27 19:23:10,760 INFO  t.TestBase [TestBase.java:25] Finished test ----> registrationPositiveTestCSV
2023-10-27 19:23:10,761 INFO  t.TestBase [TestBase.java:26] ==================================================
2023-10-27 19:23:10,763 INFO  t.TestBase [TestBase.java:21] Started test ----> registrationPositiveTestCSV
2023-10-27 19:23:10,763 INFO  m.WDListener [WDListener.java:20] start searching element by locator --->By.xpath: //*[.='Sign Out']
2023-10-27 19:23:10,790 INFO  m.WDListener [WDListener.java:32] something went wrong!!!
2023-10-27 19:23:10,791 INFO  m.WDListener [WDListener.java:33] unexpected alert open: {Alert text : User already exist}
  (Session info: chrome=118.0.5993.117): User already exist
Build info: version: '3.141.59', revision: 'e82be7d358', time: '2018-11-14T08:17:03'
System info: host: 'MacBook-Air-Diana.local', ip: '2a06:c701:4697:9100:51c0:2e86:e806:441e%en0', os.name: 'Mac OS X', os.arch: 'x86_64', os.version: '13.5.1', java.version: '1.8.0_333'
Driver info: org.openqa.selenium.chrome.ChromeDriver
Capabilities {acceptInsecureCerts: false, browserName: chrome, browserVersion: 118.0.5993.117, chrome: {chromedriverVersion: 118.0.5993.70 (e52f33f30b91..., userDataDir: /var/folders/gq/rwgcn5sx47j...}, fedcm:accounts: true, goog:chromeOptions: {debuggerAddress: localhost:49528}, javascriptEnabled: true, networkConnectionEnabled: false, pageLoadStrategy: normal, platform: MAC, platformName: MAC, proxy: Proxy(), setWindowRect: true, strictFileInteractability: false, timeouts: {implicit: 0, pageLoad: 300000, script: 30000}, unhandledPromptBehavior: dismiss and notify, webauthn:extension:credBlob: true, webauthn:extension:largeBlob: true, webauthn:extension:minPinLength: true, webauthn:extension:prf: true, webauthn:virtualAuthenticators: true}
Session ID: 3a8991badb17587291023bf994cab812
*** Element info: {Using=xpath, value=//*[.='Sign Out']}
2023-10-27 19:23:10,791 INFO  m.WDListener [WDListener.java:34] org.openqa.selenium.UnhandledAlertException: unexpected alert open: {Alert text : User already exist}
  (Session info: chrome=118.0.5993.117): User already exist
Build info: version: '3.141.59', revision: 'e82be7d358', time: '2018-11-14T08:17:03'
System info: host: 'MacBook-Air-Diana.local', ip: '2a06:c701:4697:9100:51c0:2e86:e806:441e%en0', os.name: 'Mac OS X', os.arch: 'x86_64', os.version: '13.5.1', java.version: '1.8.0_333'
Driver info: org.openqa.selenium.chrome.ChromeDriver
Capabilities {acceptInsecureCerts: false, browserName: chrome, browserVersion: 118.0.5993.117, chrome: {chromedriverVersion: 118.0.5993.70 (e52f33f30b91..., userDataDir: /var/folders/gq/rwgcn5sx47j...}, fedcm:accounts: true, goog:chromeOptions: {debuggerAddress: localhost:49528}, javascriptEnabled: true, networkConnectionEnabled: false, pageLoadStrategy: normal, platform: MAC, platformName: MAC, proxy: Proxy(), setWindowRect: true, strictFileInteractability: false, timeouts: {implicit: 0, pageLoad: 300000, script: 30000}, unhandledPromptBehavior: dismiss and notify, webauthn:extension:credBlob: true, webauthn:extension:largeBlob: true, webauthn:extension:minPinLength: true, webauthn:extension:prf: true, webauthn:virtualAuthenticators: true}
Session ID: 3a8991badb17587291023bf994cab812
*** Element info: {Using=xpath, value=//*[.='Sign Out']}
2023-10-27 19:23:11,452 INFO  m.WDListener [WDListener.java:39] Here is the path to screenshot with error ---> src/main/resources/screenshots/screenshot-1390.png
2023-10-27 19:23:11,473 INFO  t.TestBase [TestBase.java:25] Finished test ----> registrationPositiveTestCSV
2023-10-27 19:23:11,474 INFO  t.TestBase [TestBase.java:26] ==================================================
2023-10-27 19:23:11,478 INFO  t.TestBase [TestBase.java:21] Started test ----> registrationPositiveTestCSV
2023-10-27 19:23:11,481 INFO  m.WDListener [WDListener.java:20] start searching element by locator --->By.xpath: //*[.='Sign Out']
2023-10-27 19:23:14,552 INFO  m.WDListener [WDListener.java:26] element with locator --->By.xpath: //*[.='Sign Out']is found
2023-10-27 19:23:14,557 INFO  t.TestBase [TestBase.java:25] Finished test ----> registrationPositiveTestCSV
2023-10-27 19:23:14,557 INFO  t.TestBase [TestBase.java:26] ==================================================
2023-10-27 19:23:14,558 INFO  t.TestBase [TestBase.java:21] Started test ----> registrationPositiveTestCSV
2023-10-27 19:23:14,559 INFO  m.WDListener [WDListener.java:20] start searching element by locator --->By.xpath: //*[.='Sign Out']
2023-10-27 19:23:17,575 INFO  m.WDListener [WDListener.java:26] element with locator --->By.xpath: //*[.='Sign Out']is found
2023-10-27 19:23:17,580 INFO  t.TestBase [TestBase.java:25] Finished test ----> registrationPositiveTestCSV
2023-10-27 19:23:17,581 INFO  t.TestBase [TestBase.java:26] ==================================================
2023-10-27 19:23:17,583 INFO  t.TestBase [TestBase.java:21] Started test ----> registrationPositiveTestCSV
2023-10-27 19:23:17,588 INFO  m.WDListener [WDListener.java:20] start searching element by locator --->By.xpath: //*[.='Sign Out']
2023-10-27 19:23:20,599 INFO  m.WDListener [WDListener.java:26] element with locator --->By.xpath: //*[.='Sign Out']is found
2023-10-27 19:23:20,604 INFO  t.TestBase [TestBase.java:25] Finished test ----> registrationPositiveTestCSV
2023-10-27 19:23:20,604 INFO  t.TestBase [TestBase.java:26] ==================================================
2023-10-27 19:23:20,605 INFO  t.TestBase [TestBase.java:21] Started test ----> registrationPositiveTestCSV
2023-10-27 19:23:20,609 INFO  m.WDListener [WDListener.java:20] start searching element by locator --->By.xpath: //*[.='Sign Out']
2023-10-27 19:23:21,204 INFO  m.WDListener [WDListener.java:26] element with locator --->By.xpath: //*[.='Sign Out']is found
2023-10-27 19:23:21,204 INFO  t.TestBase [TestBase.java:25] Finished test ----> registrationPositiveTestCSV
2023-10-27 19:23:21,205 INFO  t.TestBase [TestBase.java:26] ==================================================
2023-10-27 19:23:21,205 INFO  t.TestBase [TestBase.java:21] Started test ----> registrationPositiveTestCSV
2023-10-27 19:23:21,206 INFO  m.WDListener [WDListener.java:20] start searching element by locator --->By.xpath: //*[.='Sign Out']
2023-10-27 19:23:21,214 INFO  m.WDListener [WDListener.java:32] something went wrong!!!
2023-10-27 19:23:21,215 INFO  m.WDListener [WDListener.java:33] no such window: target window already closed
from unknown error: web view not found
  (Session info: chrome=118.0.5993.117)
Build info: version: '3.141.59', revision: 'e82be7d358', time: '2018-11-14T08:17:03'
System info: host: 'MacBook-Air-Diana.local', ip: '2a06:c701:4697:9100:51c0:2e86:e806:441e%en0', os.name: 'Mac OS X', os.arch: 'x86_64', os.version: '13.5.1', java.version: '1.8.0_333'
Driver info: org.openqa.selenium.chrome.ChromeDriver
Capabilities {acceptInsecureCerts: false, browserName: chrome, browserVersion: 118.0.5993.117, chrome: {chromedriverVersion: 118.0.5993.70 (e52f33f30b91..., userDataDir: /var/folders/gq/rwgcn5sx47j...}, fedcm:accounts: true, goog:chromeOptions: {debuggerAddress: localhost:49528}, javascriptEnabled: true, networkConnectionEnabled: false, pageLoadStrategy: normal, platform: MAC, platformName: MAC, proxy: Proxy(), setWindowRect: true, strictFileInteractability: false, timeouts: {implicit: 0, pageLoad: 300000, script: 30000}, unhandledPromptBehavior: dismiss and notify, webauthn:extension:credBlob: true, webauthn:extension:largeBlob: true, webauthn:extension:minPinLength: true, webauthn:extension:prf: true, webauthn:virtualAuthenticators: true}
Session ID: 3a8991badb17587291023bf994cab812
*** Element info: {Using=xpath, value=//*[.='Sign Out']}
2023-10-27 19:23:21,216 INFO  m.WDListener [WDListener.java:34] org.openqa.selenium.NoSuchWindowException: no such window: target window already closed
from unknown error: web view not found
  (Session info: chrome=118.0.5993.117)
Build info: version: '3.141.59', revision: 'e82be7d358', time: '2018-11-14T08:17:03'
System info: host: 'MacBook-Air-Diana.local', ip: '2a06:c701:4697:9100:51c0:2e86:e806:441e%en0', os.name: 'Mac OS X', os.arch: 'x86_64', os.version: '13.5.1', java.version: '1.8.0_333'
Driver info: org.openqa.selenium.chrome.ChromeDriver
Capabilities {acceptInsecureCerts: false, browserName: chrome, browserVersion: 118.0.5993.117, chrome: {chromedriverVersion: 118.0.5993.70 (e52f33f30b91..., userDataDir: /var/folders/gq/rwgcn5sx47j...}, fedcm:accounts: true, goog:chromeOptions: {debuggerAddress: localhost:49528}, javascriptEnabled: true, networkConnectionEnabled: false, pageLoadStrategy: normal, platform: MAC, platformName: MAC, proxy: Proxy(), setWindowRect: true, strictFileInteractability: false, timeouts: {implicit: 0, pageLoad: 300000, script: 30000}, unhandledPromptBehavior: dismiss and notify, webauthn:extension:credBlob: true, webauthn:extension:largeBlob: true, webauthn:extension:minPinLength: true, webauthn:extension:prf: true, webauthn:virtualAuthenticators: true}
Session ID: 3a8991badb17587291023bf994cab812
*** Element info: {Using=xpath, value=//*[.='Sign Out']}
2023-10-27 19:23:21,229 INFO  t.TestBase [TestBase.java:25] Finished test ----> registrationPositiveTestCSV
2023-10-27 19:23:21,229 INFO  t.TestBase [TestBase.java:26] ==================================================
2023-10-27 19:23:21,234 INFO  t.TestBase [TestBase.java:21] Started test ----> registrationPositiveTestCSV
2023-10-27 19:23:21,236 INFO  m.WDListener [WDListener.java:20] start searching element by locator --->By.xpath: //*[.='Sign Out']
2023-10-27 19:23:21,243 INFO  m.WDListener [WDListener.java:32] something went wrong!!!
2023-10-27 19:23:21,246 INFO  m.WDListener [WDListener.java:33] no such window: target window already closed
from unknown error: web view not found
  (Session info: chrome=118.0.5993.117)
Build info: version: '3.141.59', revision: 'e82be7d358', time: '2018-11-14T08:17:03'
System info: host: 'MacBook-Air-Diana.local', ip: '2a06:c701:4697:9100:51c0:2e86:e806:441e%en0', os.name: 'Mac OS X', os.arch: 'x86_64', os.version: '13.5.1', java.version: '1.8.0_333'
Driver info: org.openqa.selenium.chrome.ChromeDriver
Capabilities {acceptInsecureCerts: false, browserName: chrome, browserVersion: 118.0.5993.117, chrome: {chromedriverVersion: 118.0.5993.70 (e52f33f30b91..., userDataDir: /var/folders/gq/rwgcn5sx47j...}, fedcm:accounts: true, goog:chromeOptions: {debuggerAddress: localhost:49528}, javascriptEnabled: true, networkConnectionEnabled: false, pageLoadStrategy: normal, platform: MAC, platformName: MAC, proxy: Proxy(), setWindowRect: true, strictFileInteractability: false, timeouts: {implicit: 0, pageLoad: 300000, script: 30000}, unhandledPromptBehavior: dismiss and notify, webauthn:extension:credBlob: true, webauthn:extension:largeBlob: true, webauthn:extension:minPinLength: true, webauthn:extension:prf: true, webauthn:virtualAuthenticators: true}
Session ID: 3a8991badb17587291023bf994cab812
*** Element info: {Using=xpath, value=//*[.='Sign Out']}
2023-10-27 19:23:21,248 INFO  m.WDListener [WDListener.java:34] org.openqa.selenium.NoSuchWindowException: no such window: target window already closed
from unknown error: web view not found
  (Session info: chrome=118.0.5993.117)
Build info: version: '3.141.59', revision: 'e82be7d358', time: '2018-11-14T08:17:03'
System info: host: 'MacBook-Air-Diana.local', ip: '2a06:c701:4697:9100:51c0:2e86:e806:441e%en0', os.name: 'Mac OS X', os.arch: 'x86_64', os.version: '13.5.1', java.version: '1.8.0_333'
Driver info: org.openqa.selenium.chrome.ChromeDriver
Capabilities {acceptInsecureCerts: false, browserName: chrome, browserVersion: 118.0.5993.117, chrome: {chromedriverVersion: 118.0.5993.70 (e52f33f30b91..., userDataDir: /var/folders/gq/rwgcn5sx47j...}, fedcm:accounts: true, goog:chromeOptions: {debuggerAddress: localhost:49528}, javascriptEnabled: true, networkConnectionEnabled: false, pageLoadStrategy: normal, platform: MAC, platformName: MAC, proxy: Proxy(), setWindowRect: true, strictFileInteractability: false, timeouts: {implicit: 0, pageLoad: 300000, script: 30000}, unhandledPromptBehavior: dismiss and notify, webauthn:extension:credBlob: true, webauthn:extension:largeBlob: true, webauthn:extension:minPinLength: true, webauthn:extension:prf: true, webauthn:virtualAuthenticators: true}
Session ID: 3a8991badb17587291023bf994cab812
*** Element info: {Using=xpath, value=//*[.='Sign Out']}
2023-10-27 19:23:21,253 INFO  t.TestBase [TestBase.java:25] Finished test ----> registrationPositiveTestCSV
2023-10-27 19:23:21,256 INFO  t.TestBase [TestBase.java:26] ==================================================
2023-10-27 19:23:21,353 INFO  m.ApplicationManager [ApplicationManager.java:65] Test completed
