2023-10-13 15:04:34,060 INFO  m.ApplicationManager [ApplicationManager.java:29] Navigated to the link ---https://telranedu.web.app/home
2023-10-13 15:04:34,102 INFO  t.TestBase [TestBase.java:19] Started test ----> addNewContactPositive
2023-10-13 15:04:34,103 INFO  t.TestBase [TestBase.java:24] Finished test ----> addNewContactPositive
2023-10-13 15:04:34,103 INFO  t.TestBase [TestBase.java:25] ==================================================
2023-10-13 15:04:34,105 INFO  m.WDListener [WDListener.java:20] start searching element by locator --->By.xpath: //*[.='Sign Out']
2023-10-13 15:04:37,134 INFO  m.WDListener [WDListener.java:26] element with locator --->By.xpath: //*[.='Sign Out']is found
2023-10-13 15:04:37,136 INFO  m.WDListener [WDListener.java:20] start searching element by locator --->By.xpath: //*[.='LOGIN']
2023-10-13 15:04:37,160 INFO  m.WDListener [WDListener.java:26] element with locator --->By.xpath: //*[.='LOGIN']is found
2023-10-13 15:04:37,516 INFO  m.WDListener [WDListener.java:20] start searching element by locator --->By.xpath: //input[1]
2023-10-13 15:04:37,637 INFO  m.WDListener [WDListener.java:26] element with locator --->By.xpath: //input[1]is found
2023-10-13 15:04:38,266 INFO  m.WDListener [WDListener.java:20] start searching element by locator --->By.xpath: //input[2]
2023-10-13 15:04:38,305 INFO  m.WDListener [WDListener.java:26] element with locator --->By.xpath: //input[2]is found
2023-10-13 15:04:38,555 INFO  m.WDListener [WDListener.java:20] start searching element by locator --->By.xpath: //button[1]
2023-10-13 15:04:38,579 INFO  m.WDListener [WDListener.java:26] element with locator --->By.xpath: //button[1]is found
2023-10-13 15:04:38,847 INFO  m.NGListner [NGListner.java:15] Start og the test --->addNewContactPositive
2023-10-13 15:04:38,849 INFO  m.WDListener [WDListener.java:20] start searching element by locator --->By.xpath: //a[.='ADD']
2023-10-13 15:04:40,020 INFO  m.WDListener [WDListener.java:26] element with locator --->By.xpath: //a[.='ADD']is found
2023-10-13 15:04:40,166 INFO  m.WDListener [WDListener.java:20] start searching element by locator --->By.cssSelector: [placeholder='Name']
2023-10-13 15:04:40,182 INFO  m.WDListener [WDListener.java:26] element with locator --->By.cssSelector: [placeholder='Name']is found
2023-10-13 15:04:40,261 INFO  m.WDListener [WDListener.java:20] start searching element by locator --->By.cssSelector: [placeholder='Last Name']
2023-10-13 15:04:40,276 INFO  m.WDListener [WDListener.java:26] element with locator --->By.cssSelector: [placeholder='Last Name']is found
2023-10-13 15:04:40,468 INFO  m.WDListener [WDListener.java:20] start searching element by locator --->By.cssSelector: [placeholder='Phone']
2023-10-13 15:04:40,477 INFO  m.WDListener [WDListener.java:26] element with locator --->By.cssSelector: [placeholder='Phone']is found
2023-10-13 15:04:40,570 INFO  m.WDListener [WDListener.java:20] start searching element by locator --->By.cssSelector: [placeholder='email']
2023-10-13 15:04:40,589 INFO  m.WDListener [WDListener.java:26] element with locator --->By.cssSelector: [placeholder='email']is found
2023-10-13 15:04:41,136 INFO  m.WDListener [WDListener.java:20] start searching element by locator --->By.cssSelector: [placeholder='Address']
2023-10-13 15:04:41,195 INFO  m.WDListener [WDListener.java:26] element with locator --->By.cssSelector: [placeholder='Address']is found
2023-10-13 15:04:41,286 INFO  m.WDListener [WDListener.java:20] start searching element by locator --->By.cssSelector: [placeholder='description']
2023-10-13 15:04:41,297 INFO  m.WDListener [WDListener.java:26] element with locator --->By.cssSelector: [placeholder='description']is found
2023-10-13 15:04:41,371 INFO  m.WDListener [WDListener.java:20] start searching element by locator --->By.xpath: //button[.='Save']
2023-10-13 15:04:41,385 INFO  m.WDListener [WDListener.java:26] element with locator --->By.xpath: //button[.='Save']is found
2023-10-13 15:04:41,428 INFO  m.WDListener [WDListener.java:20] start searching element by locator --->By.xpath: //div[@class='contact-item_card__2SOIM'][last()]//h3
2023-10-13 15:04:42,178 INFO  m.WDListener [WDListener.java:26] element with locator --->By.xpath: //div[@class='contact-item_card__2SOIM'][last()]//h3is found
2023-10-13 15:04:42,236 INFO  m.NGListner [NGListner.java:21] Success test --->addNewContactPositive
2023-10-13 15:04:42,239 INFO  t.TestBase [TestBase.java:24] Finished test ----> addNewContactPositive
2023-10-13 15:04:42,239 INFO  t.TestBase [TestBase.java:25] ==================================================
2023-10-13 15:04:42,240 INFO  t.TestBase [TestBase.java:19] Started test ----> addNewContactPositive
2023-10-13 15:04:42,241 INFO  t.TestBase [TestBase.java:24] Finished test ----> addNewContactPositive
2023-10-13 15:04:42,241 INFO  t.TestBase [TestBase.java:25] ==================================================
2023-10-13 15:04:42,243 INFO  m.WDListener [WDListener.java:20] start searching element by locator --->By.xpath: //*[.='Sign Out']
2023-10-13 15:04:42,272 INFO  m.WDListener [WDListener.java:26] element with locator --->By.xpath: //*[.='Sign Out']is found
2023-10-13 15:04:42,273 INFO  m.NGListner [NGListner.java:15] Start og the test --->addNewContactPositive
2023-10-13 15:04:42,274 INFO  m.WDListener [WDListener.java:20] start searching element by locator --->By.xpath: //a[.='ADD']
2023-10-13 15:04:42,292 INFO  m.WDListener [WDListener.java:26] element with locator --->By.xpath: //a[.='ADD']is found
2023-10-13 15:04:42,375 INFO  m.WDListener [WDListener.java:20] start searching element by locator --->By.cssSelector: [placeholder='Name']
2023-10-13 15:04:42,403 INFO  m.WDListener [WDListener.java:26] element with locator --->By.cssSelector: [placeholder='Name']is found
2023-10-13 15:04:42,481 INFO  m.WDListener [WDListener.java:20] start searching element by locator --->By.cssSelector: [placeholder='Last Name']
2023-10-13 15:04:42,508 INFO  m.WDListener [WDListener.java:26] element with locator --->By.cssSelector: [placeholder='Last Name']is found
2023-10-13 15:04:42,593 INFO  m.WDListener [WDListener.java:20] start searching element by locator --->By.cssSelector: [placeholder='Phone']
2023-10-13 15:04:42,622 INFO  m.WDListener [WDListener.java:26] element with locator --->By.cssSelector: [placeholder='Phone']is found
2023-10-13 15:04:42,743 INFO  m.WDListener [WDListener.java:20] start searching element by locator --->By.cssSelector: [placeholder='email']
2023-10-13 15:04:42,770 INFO  m.WDListener [WDListener.java:26] element with locator --->By.cssSelector: [placeholder='email']is found
2023-10-13 15:04:42,914 INFO  m.WDListener [WDListener.java:20] start searching element by locator --->By.cssSelector: [placeholder='Address']
2023-10-13 15:04:42,951 INFO  m.WDListener [WDListener.java:26] element with locator --->By.cssSelector: [placeholder='Address']is found
2023-10-13 15:04:43,037 INFO  m.WDListener [WDListener.java:20] start searching element by locator --->By.cssSelector: [placeholder='description']
2023-10-13 15:04:43,074 INFO  m.WDListener [WDListener.java:26] element with locator --->By.cssSelector: [placeholder='description']is found
2023-10-13 15:04:43,263 INFO  m.WDListener [WDListener.java:20] start searching element by locator --->By.xpath: //button[.='Save']
2023-10-13 15:04:43,310 INFO  m.WDListener [WDListener.java:26] element with locator --->By.xpath: //button[.='Save']is found
2023-10-13 15:04:43,433 INFO  m.WDListener [WDListener.java:20] start searching element by locator --->By.xpath: //div[@class='contact-item_card__2SOIM'][last()]//h3
2023-10-13 15:04:44,161 INFO  m.WDListener [WDListener.java:26] element with locator --->By.xpath: //div[@class='contact-item_card__2SOIM'][last()]//h3is found
2023-10-13 15:04:44,287 INFO  m.NGListner [NGListner.java:21] Success test --->addNewContactPositive
2023-10-13 15:04:44,288 INFO  t.TestBase [TestBase.java:24] Finished test ----> addNewContactPositive
2023-10-13 15:04:44,288 INFO  t.TestBase [TestBase.java:25] ==================================================
2023-10-13 15:04:44,289 INFO  t.TestBase [TestBase.java:19] Started test ----> addNewContactPositive
2023-10-13 15:04:44,290 INFO  t.TestBase [TestBase.java:24] Finished test ----> addNewContactPositive
2023-10-13 15:04:44,290 INFO  t.TestBase [TestBase.java:25] ==================================================
2023-10-13 15:04:44,290 INFO  m.WDListener [WDListener.java:20] start searching element by locator --->By.xpath: //*[.='Sign Out']
2023-10-13 15:04:44,314 INFO  m.WDListener [WDListener.java:26] element with locator --->By.xpath: //*[.='Sign Out']is found
2023-10-13 15:04:44,315 INFO  m.NGListner [NGListner.java:15] Start og the test --->addNewContactPositive
2023-10-13 15:04:44,315 INFO  m.WDListener [WDListener.java:20] start searching element by locator --->By.xpath: //a[.='ADD']
2023-10-13 15:04:44,343 INFO  m.WDListener [WDListener.java:26] element with locator --->By.xpath: //a[.='ADD']is found
2023-10-13 15:04:44,418 INFO  m.WDListener [WDListener.java:20] start searching element by locator --->By.cssSelector: [placeholder='Name']
2023-10-13 15:04:44,425 INFO  m.WDListener [WDListener.java:26] element with locator --->By.cssSelector: [placeholder='Name']is found
2023-10-13 15:04:44,515 INFO  m.WDListener [WDListener.java:20] start searching element by locator --->By.cssSelector: [placeholder='Last Name']
2023-10-13 15:04:44,524 INFO  m.WDListener [WDListener.java:26] element with locator --->By.cssSelector: [placeholder='Last Name']is found
2023-10-13 15:04:44,615 INFO  m.WDListener [WDListener.java:20] start searching element by locator --->By.cssSelector: [placeholder='Phone']
2023-10-13 15:04:44,621 INFO  m.WDListener [WDListener.java:26] element with locator --->By.cssSelector: [placeholder='Phone']is found
2023-10-13 15:04:44,692 INFO  m.WDListener [WDListener.java:20] start searching element by locator --->By.cssSelector: [placeholder='email']
2023-10-13 15:04:44,727 INFO  m.WDListener [WDListener.java:26] element with locator --->By.cssSelector: [placeholder='email']is found
2023-10-13 15:04:44,800 INFO  m.WDListener [WDListener.java:20] start searching element by locator --->By.cssSelector: [placeholder='Address']
2023-10-13 15:04:44,814 INFO  m.WDListener [WDListener.java:26] element with locator --->By.cssSelector: [placeholder='Address']is found
2023-10-13 15:04:44,932 INFO  m.WDListener [WDListener.java:20] start searching element by locator --->By.cssSelector: [placeholder='description']
2023-10-13 15:04:44,940 INFO  m.WDListener [WDListener.java:26] element with locator --->By.cssSelector: [placeholder='description']is found
2023-10-13 15:04:45,070 INFO  m.WDListener [WDListener.java:20] start searching element by locator --->By.xpath: //button[.='Save']
2023-10-13 15:04:45,077 INFO  m.WDListener [WDListener.java:26] element with locator --->By.xpath: //button[.='Save']is found
2023-10-13 15:04:45,103 INFO  m.WDListener [WDListener.java:20] start searching element by locator --->By.xpath: //div[@class='contact-item_card__2SOIM'][last()]//h3
2023-10-13 15:04:46,140 INFO  m.WDListener [WDListener.java:26] element with locator --->By.xpath: //div[@class='contact-item_card__2SOIM'][last()]//h3is found
2023-10-13 15:04:46,180 INFO  m.NGListner [NGListner.java:21] Success test --->addNewContactPositive
2023-10-13 15:04:46,181 INFO  t.TestBase [TestBase.java:24] Finished test ----> addNewContactPositive
2023-10-13 15:04:46,181 INFO  t.TestBase [TestBase.java:25] ==================================================
2023-10-13 15:04:46,182 INFO  t.TestBase [TestBase.java:19] Started test ----> addNewContactPositive
2023-10-13 15:04:46,182 INFO  t.TestBase [TestBase.java:24] Finished test ----> addNewContactPositive
2023-10-13 15:04:46,182 INFO  t.TestBase [TestBase.java:25] ==================================================
2023-10-13 15:04:46,184 INFO  m.WDListener [WDListener.java:20] start searching element by locator --->By.xpath: //*[.='Sign Out']
2023-10-13 15:04:46,193 INFO  m.WDListener [WDListener.java:26] element with locator --->By.xpath: //*[.='Sign Out']is found
2023-10-13 15:04:46,195 INFO  m.NGListner [NGListner.java:15] Start og the test --->addNewContactPositive
2023-10-13 15:04:46,196 INFO  m.WDListener [WDListener.java:20] start searching element by locator --->By.xpath: //a[.='ADD']
2023-10-13 15:04:46,205 INFO  m.WDListener [WDListener.java:26] element with locator --->By.xpath: //a[.='ADD']is found
2023-10-13 15:04:46,349 INFO  m.WDListener [WDListener.java:20] start searching element by locator --->By.cssSelector: [placeholder='Name']
2023-10-13 15:04:46,359 INFO  m.WDListener [WDListener.java:26] element with locator --->By.cssSelector: [placeholder='Name']is found
2023-10-13 15:04:46,518 INFO  m.WDListener [WDListener.java:20] start searching element by locator --->By.cssSelector: [placeholder='Last Name']
2023-10-13 15:04:46,527 INFO  m.WDListener [WDListener.java:26] element with locator --->By.cssSelector: [placeholder='Last Name']is found
2023-10-13 15:04:46,607 INFO  m.WDListener [WDListener.java:20] start searching element by locator --->By.cssSelector: [placeholder='Phone']
2023-10-13 15:04:46,614 INFO  m.WDListener [WDListener.java:26] element with locator --->By.cssSelector: [placeholder='Phone']is found
2023-10-13 15:04:46,725 INFO  m.WDListener [WDListener.java:20] start searching element by locator --->By.cssSelector: [placeholder='email']
2023-10-13 15:04:46,739 INFO  m.WDListener [WDListener.java:26] element with locator --->By.cssSelector: [placeholder='email']is found
2023-10-13 15:04:46,842 INFO  m.WDListener [WDListener.java:20] start searching element by locator --->By.cssSelector: [placeholder='Address']
2023-10-13 15:04:46,853 INFO  m.WDListener [WDListener.java:26] element with locator --->By.cssSelector: [placeholder='Address']is found
2023-10-13 15:04:46,986 INFO  m.WDListener [WDListener.java:20] start searching element by locator --->By.cssSelector: [placeholder='description']
2023-10-13 15:04:46,995 INFO  m.WDListener [WDListener.java:26] element with locator --->By.cssSelector: [placeholder='description']is found
2023-10-13 15:04:47,128 INFO  m.WDListener [WDListener.java:20] start searching element by locator --->By.xpath: //button[.='Save']
2023-10-13 15:04:47,170 INFO  m.WDListener [WDListener.java:26] element with locator --->By.xpath: //button[.='Save']is found
2023-10-13 15:04:47,244 INFO  m.WDListener [WDListener.java:20] start searching element by locator --->By.xpath: //div[@class='contact-item_card__2SOIM'][last()]//h3
2023-10-13 15:04:47,878 INFO  m.WDListener [WDListener.java:26] element with locator --->By.xpath: //div[@class='contact-item_card__2SOIM'][last()]//h3is found
2023-10-13 15:04:47,885 INFO  m.NGListner [NGListner.java:21] Success test --->addNewContactPositive
2023-10-13 15:04:47,889 INFO  t.TestBase [TestBase.java:24] Finished test ----> addNewContactPositive
2023-10-13 15:04:47,889 INFO  t.TestBase [TestBase.java:25] ==================================================
2023-10-13 15:04:47,896 INFO  t.TestBase [TestBase.java:19] Started test ----> addNewContactPositive
2023-10-13 15:04:47,899 INFO  t.TestBase [TestBase.java:24] Finished test ----> addNewContactPositive
2023-10-13 15:04:47,901 INFO  t.TestBase [TestBase.java:25] ==================================================
2023-10-13 15:04:47,901 INFO  m.WDListener [WDListener.java:20] start searching element by locator --->By.xpath: //*[.='Sign Out']
2023-10-13 15:04:47,911 INFO  m.WDListener [WDListener.java:26] element with locator --->By.xpath: //*[.='Sign Out']is found
2023-10-13 15:04:47,915 INFO  m.NGListner [NGListner.java:15] Start og the test --->addNewContactPositive
2023-10-13 15:04:47,918 INFO  m.WDListener [WDListener.java:20] start searching element by locator --->By.xpath: //a[.='ADD']
2023-10-13 15:04:47,928 INFO  m.WDListener [WDListener.java:26] element with locator --->By.xpath: //a[.='ADD']is found
2023-10-13 15:04:48,023 INFO  m.WDListener [WDListener.java:20] start searching element by locator --->By.cssSelector: [placeholder='Name']
2023-10-13 15:04:48,030 INFO  m.WDListener [WDListener.java:26] element with locator --->By.cssSelector: [placeholder='Name']is found
2023-10-13 15:04:48,088 INFO  m.WDListener [WDListener.java:20] start searching element by locator --->By.cssSelector: [placeholder='Last Name']
2023-10-13 15:04:48,097 INFO  m.WDListener [WDListener.java:26] element with locator --->By.cssSelector: [placeholder='Last Name']is found
2023-10-13 15:04:48,178 INFO  m.WDListener [WDListener.java:20] start searching element by locator --->By.cssSelector: [placeholder='Phone']
2023-10-13 15:04:48,186 INFO  m.WDListener [WDListener.java:26] element with locator --->By.cssSelector: [placeholder='Phone']is found
2023-10-13 15:04:48,247 INFO  m.WDListener [WDListener.java:20] start searching element by locator --->By.cssSelector: [placeholder='email']
2023-10-13 15:04:48,260 INFO  m.WDListener [WDListener.java:26] element with locator --->By.cssSelector: [placeholder='email']is found
2023-10-13 15:04:48,318 INFO  m.WDListener [WDListener.java:20] start searching element by locator --->By.cssSelector: [placeholder='Address']
2023-10-13 15:04:48,326 INFO  m.WDListener [WDListener.java:26] element with locator --->By.cssSelector: [placeholder='Address']is found
2023-10-13 15:04:48,394 INFO  m.WDListener [WDListener.java:20] start searching element by locator --->By.cssSelector: [placeholder='description']
2023-10-13 15:04:48,400 INFO  m.WDListener [WDListener.java:26] element with locator --->By.cssSelector: [placeholder='description']is found
2023-10-13 15:04:48,453 INFO  m.WDListener [WDListener.java:20] start searching element by locator --->By.xpath: //button[.='Save']
2023-10-13 15:04:48,460 INFO  m.WDListener [WDListener.java:26] element with locator --->By.xpath: //button[.='Save']is found
2023-10-13 15:04:48,477 INFO  m.WDListener [WDListener.java:20] start searching element by locator --->By.xpath: //div[@class='contact-item_card__2SOIM'][last()]//h3
2023-10-13 15:04:48,949 INFO  m.WDListener [WDListener.java:26] element with locator --->By.xpath: //div[@class='contact-item_card__2SOIM'][last()]//h3is found
2023-10-13 15:04:48,960 INFO  m.NGListner [NGListner.java:21] Success test --->addNewContactPositive
2023-10-13 15:04:48,962 INFO  t.TestBase [TestBase.java:24] Finished test ----> addNewContactPositive
2023-10-13 15:04:48,962 INFO  t.TestBase [TestBase.java:25] ==================================================
2023-10-13 15:04:48,975 INFO  t.TestBase [TestBase.java:19] Started test ----> loginNegativeTestWrongEmail
2023-10-13 15:04:48,975 INFO  t.TestBase [TestBase.java:24] Finished test ----> loginNegativeTestWrongEmail
2023-10-13 15:04:48,975 INFO  t.TestBase [TestBase.java:25] ==================================================
2023-10-13 15:04:48,976 INFO  m.NGListner [NGListner.java:15] Start og the test --->loginNegativeTestWrongEmail
2023-10-13 15:04:48,976 INFO  m.WDListener [WDListener.java:20] start searching element by locator --->By.xpath: //*[.='LOGIN']
2023-10-13 15:04:52,040 INFO  m.WDListener [WDListener.java:32] something went wrong!!!
2023-10-13 15:04:52,041 INFO  m.WDListener [WDListener.java:33] no such element: Unable to locate element: {"method":"xpath","selector":"//*[.='LOGIN']"}
  (Session info: chrome=118.0.5993.70)
For documentation on this error, please visit: https://www.seleniumhq.org/exceptions/no_such_element.html
Build info: version: '3.141.59', revision: 'e82be7d358', time: '2018-11-14T08:17:03'
System info: host: 'MacBook-Air-Diana.local', ip: '2a06:c701:4697:7100:dc2d:80d9:d844:d675%en0', os.name: 'Mac OS X', os.arch: 'x86_64', os.version: '13.5.1', java.version: '1.8.0_333'
Driver info: org.openqa.selenium.chrome.ChromeDriver
Capabilities {acceptInsecureCerts: false, browserName: chrome, browserVersion: 118.0.5993.70, chrome: {chromedriverVersion: 118.0.5993.70 (e52f33f30b91..., userDataDir: /var/folders/gq/rwgcn5sx47j...}, fedcm:accounts: true, goog:chromeOptions: {debuggerAddress: localhost:49212}, javascriptEnabled: true, networkConnectionEnabled: false, pageLoadStrategy: normal, platform: MAC, platformName: MAC, proxy: Proxy(), setWindowRect: true, strictFileInteractability: false, timeouts: {implicit: 0, pageLoad: 300000, script: 30000}, unhandledPromptBehavior: dismiss and notify, webauthn:extension:credBlob: true, webauthn:extension:largeBlob: true, webauthn:extension:minPinLength: true, webauthn:extension:prf: true, webauthn:virtualAuthenticators: true}
Session ID: 0f6e96d3f665cafada85a1eb93721c38
*** Element info: {Using=xpath, value=//*[.='LOGIN']}
2023-10-13 15:04:52,041 INFO  m.WDListener [WDListener.java:34] org.openqa.selenium.NoSuchElementException: no such element: Unable to locate element: {"method":"xpath","selector":"//*[.='LOGIN']"}
  (Session info: chrome=118.0.5993.70)
For documentation on this error, please visit: https://www.seleniumhq.org/exceptions/no_such_element.html
Build info: version: '3.141.59', revision: 'e82be7d358', time: '2018-11-14T08:17:03'
System info: host: 'MacBook-Air-Diana.local', ip: '2a06:c701:4697:7100:dc2d:80d9:d844:d675%en0', os.name: 'Mac OS X', os.arch: 'x86_64', os.version: '13.5.1', java.version: '1.8.0_333'
Driver info: org.openqa.selenium.chrome.ChromeDriver
Capabilities {acceptInsecureCerts: false, browserName: chrome, browserVersion: 118.0.5993.70, chrome: {chromedriverVersion: 118.0.5993.70 (e52f33f30b91..., userDataDir: /var/folders/gq/rwgcn5sx47j...}, fedcm:accounts: true, goog:chromeOptions: {debuggerAddress: localhost:49212}, javascriptEnabled: true, networkConnectionEnabled: false, pageLoadStrategy: normal, platform: MAC, platformName: MAC, proxy: Proxy(), setWindowRect: true, strictFileInteractability: false, timeouts: {implicit: 0, pageLoad: 300000, script: 30000}, unhandledPromptBehavior: dismiss and notify, webauthn:extension:credBlob: true, webauthn:extension:largeBlob: true, webauthn:extension:minPinLength: true, webauthn:extension:prf: true, webauthn:virtualAuthenticators: true}
Session ID: 0f6e96d3f665cafada85a1eb93721c38
*** Element info: {Using=xpath, value=//*[.='LOGIN']}
2023-10-13 15:04:52,620 INFO  m.WDListener [WDListener.java:39] Here is the path to screenshot with error ---> src/main/resources/screenshots/screenshot-292.png
2023-10-13 15:04:52,622 INFO  m.NGListner [NGListner.java:27] Failure test --->org.openqa.selenium.NoSuchElementException: no such element: Unable to locate element: {"method":"xpath","selector":"//*[.='LOGIN']"}
  (Session info: chrome=118.0.5993.70)
For documentation on this error, please visit: https://www.seleniumhq.org/exceptions/no_such_element.html
Build info: version: '3.141.59', revision: 'e82be7d358', time: '2018-11-14T08:17:03'
System info: host: 'MacBook-Air-Diana.local', ip: '2a06:c701:4697:7100:dc2d:80d9:d844:d675%en0', os.name: 'Mac OS X', os.arch: 'x86_64', os.version: '13.5.1', java.version: '1.8.0_333'
Driver info: org.openqa.selenium.chrome.ChromeDriver
Capabilities {acceptInsecureCerts: false, browserName: chrome, browserVersion: 118.0.5993.70, chrome: {chromedriverVersion: 118.0.5993.70 (e52f33f30b91..., userDataDir: /var/folders/gq/rwgcn5sx47j...}, fedcm:accounts: true, goog:chromeOptions: {debuggerAddress: localhost:49212}, javascriptEnabled: true, networkConnectionEnabled: false, pageLoadStrategy: normal, platform: MAC, platformName: MAC, proxy: Proxy(), setWindowRect: true, strictFileInteractability: false, timeouts: {implicit: 0, pageLoad: 300000, script: 30000}, unhandledPromptBehavior: dismiss and notify, webauthn:extension:credBlob: true, webauthn:extension:largeBlob: true, webauthn:extension:minPinLength: true, webauthn:extension:prf: true, webauthn:virtualAuthenticators: true}
Session ID: 0f6e96d3f665cafada85a1eb93721c38
*** Element info: {Using=xpath, value=//*[.='LOGIN']}
2023-10-13 15:04:52,626 INFO  t.TestBase [TestBase.java:24] Finished test ----> loginNegativeTestWrongEmail
2023-10-13 15:04:52,626 INFO  t.TestBase [TestBase.java:25] ==================================================
2023-10-13 15:04:52,632 INFO  t.TestBase [TestBase.java:19] Started test ----> loginNegativeTestWrongPassword
2023-10-13 15:04:52,633 INFO  t.TestBase [TestBase.java:24] Finished test ----> loginNegativeTestWrongPassword
2023-10-13 15:04:52,633 INFO  t.TestBase [TestBase.java:25] ==================================================
2023-10-13 15:04:52,634 INFO  m.NGListner [NGListner.java:15] Start og the test --->loginNegativeTestWrongPassword
2023-10-13 15:04:52,634 INFO  m.WDListener [WDListener.java:20] start searching element by locator --->By.xpath: //*[.='LOGIN']
2023-10-13 15:04:55,680 INFO  m.WDListener [WDListener.java:32] something went wrong!!!
2023-10-13 15:04:55,682 INFO  m.WDListener [WDListener.java:33] no such element: Unable to locate element: {"method":"xpath","selector":"//*[.='LOGIN']"}
  (Session info: chrome=118.0.5993.70)
For documentation on this error, please visit: https://www.seleniumhq.org/exceptions/no_such_element.html
Build info: version: '3.141.59', revision: 'e82be7d358', time: '2018-11-14T08:17:03'
System info: host: 'MacBook-Air-Diana.local', ip: '2a06:c701:4697:7100:dc2d:80d9:d844:d675%en0', os.name: 'Mac OS X', os.arch: 'x86_64', os.version: '13.5.1', java.version: '1.8.0_333'
Driver info: org.openqa.selenium.chrome.ChromeDriver
Capabilities {acceptInsecureCerts: false, browserName: chrome, browserVersion: 118.0.5993.70, chrome: {chromedriverVersion: 118.0.5993.70 (e52f33f30b91..., userDataDir: /var/folders/gq/rwgcn5sx47j...}, fedcm:accounts: true, goog:chromeOptions: {debuggerAddress: localhost:49212}, javascriptEnabled: true, networkConnectionEnabled: false, pageLoadStrategy: normal, platform: MAC, platformName: MAC, proxy: Proxy(), setWindowRect: true, strictFileInteractability: false, timeouts: {implicit: 0, pageLoad: 300000, script: 30000}, unhandledPromptBehavior: dismiss and notify, webauthn:extension:credBlob: true, webauthn:extension:largeBlob: true, webauthn:extension:minPinLength: true, webauthn:extension:prf: true, webauthn:virtualAuthenticators: true}
Session ID: 0f6e96d3f665cafada85a1eb93721c38
*** Element info: {Using=xpath, value=//*[.='LOGIN']}
2023-10-13 15:04:55,682 INFO  m.WDListener [WDListener.java:34] org.openqa.selenium.NoSuchElementException: no such element: Unable to locate element: {"method":"xpath","selector":"//*[.='LOGIN']"}
  (Session info: chrome=118.0.5993.70)
For documentation on this error, please visit: https://www.seleniumhq.org/exceptions/no_such_element.html
Build info: version: '3.141.59', revision: 'e82be7d358', time: '2018-11-14T08:17:03'
System info: host: 'MacBook-Air-Diana.local', ip: '2a06:c701:4697:7100:dc2d:80d9:d844:d675%en0', os.name: 'Mac OS X', os.arch: 'x86_64', os.version: '13.5.1', java.version: '1.8.0_333'
Driver info: org.openqa.selenium.chrome.ChromeDriver
Capabilities {acceptInsecureCerts: false, browserName: chrome, browserVersion: 118.0.5993.70, chrome: {chromedriverVersion: 118.0.5993.70 (e52f33f30b91..., userDataDir: /var/folders/gq/rwgcn5sx47j...}, fedcm:accounts: true, goog:chromeOptions: {debuggerAddress: localhost:49212}, javascriptEnabled: true, networkConnectionEnabled: false, pageLoadStrategy: normal, platform: MAC, platformName: MAC, proxy: Proxy(), setWindowRect: true, strictFileInteractability: false, timeouts: {implicit: 0, pageLoad: 300000, script: 30000}, unhandledPromptBehavior: dismiss and notify, webauthn:extension:credBlob: true, webauthn:extension:largeBlob: true, webauthn:extension:minPinLength: true, webauthn:extension:prf: true, webauthn:virtualAuthenticators: true}
Session ID: 0f6e96d3f665cafada85a1eb93721c38
*** Element info: {Using=xpath, value=//*[.='LOGIN']}
2023-10-13 15:04:56,318 INFO  m.WDListener [WDListener.java:39] Here is the path to screenshot with error ---> src/main/resources/screenshots/screenshot-295.png
2023-10-13 15:04:56,320 INFO  m.NGListner [NGListner.java:27] Failure test --->org.openqa.selenium.NoSuchElementException: no such element: Unable to locate element: {"method":"xpath","selector":"//*[.='LOGIN']"}
  (Session info: chrome=118.0.5993.70)
For documentation on this error, please visit: https://www.seleniumhq.org/exceptions/no_such_element.html
Build info: version: '3.141.59', revision: 'e82be7d358', time: '2018-11-14T08:17:03'
System info: host: 'MacBook-Air-Diana.local', ip: '2a06:c701:4697:7100:dc2d:80d9:d844:d675%en0', os.name: 'Mac OS X', os.arch: 'x86_64', os.version: '13.5.1', java.version: '1.8.0_333'
Driver info: org.openqa.selenium.chrome.ChromeDriver
Capabilities {acceptInsecureCerts: false, browserName: chrome, browserVersion: 118.0.5993.70, chrome: {chromedriverVersion: 118.0.5993.70 (e52f33f30b91..., userDataDir: /var/folders/gq/rwgcn5sx47j...}, fedcm:accounts: true, goog:chromeOptions: {debuggerAddress: localhost:49212}, javascriptEnabled: true, networkConnectionEnabled: false, pageLoadStrategy: normal, platform: MAC, platformName: MAC, proxy: Proxy(), setWindowRect: true, strictFileInteractability: false, timeouts: {implicit: 0, pageLoad: 300000, script: 30000}, unhandledPromptBehavior: dismiss and notify, webauthn:extension:credBlob: true, webauthn:extension:largeBlob: true, webauthn:extension:minPinLength: true, webauthn:extension:prf: true, webauthn:virtualAuthenticators: true}
Session ID: 0f6e96d3f665cafada85a1eb93721c38
*** Element info: {Using=xpath, value=//*[.='LOGIN']}
2023-10-13 15:04:56,326 INFO  t.TestBase [TestBase.java:24] Finished test ----> loginNegativeTestWrongPassword
2023-10-13 15:04:56,326 INFO  t.TestBase [TestBase.java:25] ==================================================
2023-10-13 15:04:56,332 INFO  t.TestBase [TestBase.java:19] Started test ----> loginPositiveTest
2023-10-13 15:04:56,340 INFO  t.TestBase [TestBase.java:24] Finished test ----> loginPositiveTest
2023-10-13 15:04:56,341 INFO  t.TestBase [TestBase.java:25] ==================================================
2023-10-13 15:04:56,341 INFO  m.NGListner [NGListner.java:15] Start og the test --->loginPositiveTest
2023-10-13 15:04:56,342 INFO  m.WDListener [WDListener.java:20] start searching element by locator --->By.xpath: //*[.='LOGIN']
2023-10-13 15:04:59,389 INFO  m.WDListener [WDListener.java:32] something went wrong!!!
2023-10-13 15:04:59,389 INFO  m.WDListener [WDListener.java:33] no such element: Unable to locate element: {"method":"xpath","selector":"//*[.='LOGIN']"}
  (Session info: chrome=118.0.5993.70)
For documentation on this error, please visit: https://www.seleniumhq.org/exceptions/no_such_element.html
Build info: version: '3.141.59', revision: 'e82be7d358', time: '2018-11-14T08:17:03'
System info: host: 'MacBook-Air-Diana.local', ip: '2a06:c701:4697:7100:dc2d:80d9:d844:d675%en0', os.name: 'Mac OS X', os.arch: 'x86_64', os.version: '13.5.1', java.version: '1.8.0_333'
Driver info: org.openqa.selenium.chrome.ChromeDriver
Capabilities {acceptInsecureCerts: false, browserName: chrome, browserVersion: 118.0.5993.70, chrome: {chromedriverVersion: 118.0.5993.70 (e52f33f30b91..., userDataDir: /var/folders/gq/rwgcn5sx47j...}, fedcm:accounts: true, goog:chromeOptions: {debuggerAddress: localhost:49212}, javascriptEnabled: true, networkConnectionEnabled: false, pageLoadStrategy: normal, platform: MAC, platformName: MAC, proxy: Proxy(), setWindowRect: true, strictFileInteractability: false, timeouts: {implicit: 0, pageLoad: 300000, script: 30000}, unhandledPromptBehavior: dismiss and notify, webauthn:extension:credBlob: true, webauthn:extension:largeBlob: true, webauthn:extension:minPinLength: true, webauthn:extension:prf: true, webauthn:virtualAuthenticators: true}
Session ID: 0f6e96d3f665cafada85a1eb93721c38
*** Element info: {Using=xpath, value=//*[.='LOGIN']}
2023-10-13 15:04:59,390 INFO  m.WDListener [WDListener.java:34] org.openqa.selenium.NoSuchElementException: no such element: Unable to locate element: {"method":"xpath","selector":"//*[.='LOGIN']"}
  (Session info: chrome=118.0.5993.70)
For documentation on this error, please visit: https://www.seleniumhq.org/exceptions/no_such_element.html
Build info: version: '3.141.59', revision: 'e82be7d358', time: '2018-11-14T08:17:03'
System info: host: 'MacBook-Air-Diana.local', ip: '2a06:c701:4697:7100:dc2d:80d9:d844:d675%en0', os.name: 'Mac OS X', os.arch: 'x86_64', os.version: '13.5.1', java.version: '1.8.0_333'
Driver info: org.openqa.selenium.chrome.ChromeDriver
Capabilities {acceptInsecureCerts: false, browserName: chrome, browserVersion: 118.0.5993.70, chrome: {chromedriverVersion: 118.0.5993.70 (e52f33f30b91..., userDataDir: /var/folders/gq/rwgcn5sx47j...}, fedcm:accounts: true, goog:chromeOptions: {debuggerAddress: localhost:49212}, javascriptEnabled: true, networkConnectionEnabled: false, pageLoadStrategy: normal, platform: MAC, platformName: MAC, proxy: Proxy(), setWindowRect: true, strictFileInteractability: false, timeouts: {implicit: 0, pageLoad: 300000, script: 30000}, unhandledPromptBehavior: dismiss and notify, webauthn:extension:credBlob: true, webauthn:extension:largeBlob: true, webauthn:extension:minPinLength: true, webauthn:extension:prf: true, webauthn:virtualAuthenticators: true}
Session ID: 0f6e96d3f665cafada85a1eb93721c38
*** Element info: {Using=xpath, value=//*[.='LOGIN']}
2023-10-13 15:04:59,903 INFO  m.WDListener [WDListener.java:39] Here is the path to screenshot with error ---> src/main/resources/screenshots/screenshot-299.png
2023-10-13 15:04:59,905 INFO  m.NGListner [NGListner.java:27] Failure test --->org.openqa.selenium.NoSuchElementException: no such element: Unable to locate element: {"method":"xpath","selector":"//*[.='LOGIN']"}
  (Session info: chrome=118.0.5993.70)
For documentation on this error, please visit: https://www.seleniumhq.org/exceptions/no_such_element.html
Build info: version: '3.141.59', revision: 'e82be7d358', time: '2018-11-14T08:17:03'
System info: host: 'MacBook-Air-Diana.local', ip: '2a06:c701:4697:7100:dc2d:80d9:d844:d675%en0', os.name: 'Mac OS X', os.arch: 'x86_64', os.version: '13.5.1', java.version: '1.8.0_333'
Driver info: org.openqa.selenium.chrome.ChromeDriver
Capabilities {acceptInsecureCerts: false, browserName: chrome, browserVersion: 118.0.5993.70, chrome: {chromedriverVersion: 118.0.5993.70 (e52f33f30b91..., userDataDir: /var/folders/gq/rwgcn5sx47j...}, fedcm:accounts: true, goog:chromeOptions: {debuggerAddress: localhost:49212}, javascriptEnabled: true, networkConnectionEnabled: false, pageLoadStrategy: normal, platform: MAC, platformName: MAC, proxy: Proxy(), setWindowRect: true, strictFileInteractability: false, timeouts: {implicit: 0, pageLoad: 300000, script: 30000}, unhandledPromptBehavior: dismiss and notify, webauthn:extension:credBlob: true, webauthn:extension:largeBlob: true, webauthn:extension:minPinLength: true, webauthn:extension:prf: true, webauthn:virtualAuthenticators: true}
Session ID: 0f6e96d3f665cafada85a1eb93721c38
*** Element info: {Using=xpath, value=//*[.='LOGIN']}
2023-10-13 15:04:59,909 INFO  t.TestBase [TestBase.java:24] Finished test ----> loginPositiveTest
2023-10-13 15:04:59,909 INFO  t.TestBase [TestBase.java:25] ==================================================
2023-10-13 15:04:59,912 INFO  t.TestBase [TestBase.java:19] Started test ----> loginPositiveTestModel
2023-10-13 15:04:59,912 INFO  t.TestBase [TestBase.java:24] Finished test ----> loginPositiveTestModel
2023-10-13 15:04:59,913 INFO  t.TestBase [TestBase.java:25] ==================================================
2023-10-13 15:04:59,913 INFO  m.NGListner [NGListner.java:15] Start og the test --->loginPositiveTestModel
2023-10-13 15:04:59,914 INFO  m.WDListener [WDListener.java:20] start searching element by locator --->By.xpath: //*[.='LOGIN']
2023-10-13 15:05:02,984 INFO  m.WDListener [WDListener.java:32] something went wrong!!!
2023-10-13 15:05:02,984 INFO  m.WDListener [WDListener.java:33] no such element: Unable to locate element: {"method":"xpath","selector":"//*[.='LOGIN']"}
  (Session info: chrome=118.0.5993.70)
For documentation on this error, please visit: https://www.seleniumhq.org/exceptions/no_such_element.html
Build info: version: '3.141.59', revision: 'e82be7d358', time: '2018-11-14T08:17:03'
System info: host: 'MacBook-Air-Diana.local', ip: '2a06:c701:4697:7100:dc2d:80d9:d844:d675%en0', os.name: 'Mac OS X', os.arch: 'x86_64', os.version: '13.5.1', java.version: '1.8.0_333'
Driver info: org.openqa.selenium.chrome.ChromeDriver
Capabilities {acceptInsecureCerts: false, browserName: chrome, browserVersion: 118.0.5993.70, chrome: {chromedriverVersion: 118.0.5993.70 (e52f33f30b91..., userDataDir: /var/folders/gq/rwgcn5sx47j...}, fedcm:accounts: true, goog:chromeOptions: {debuggerAddress: localhost:49212}, javascriptEnabled: true, networkConnectionEnabled: false, pageLoadStrategy: normal, platform: MAC, platformName: MAC, proxy: Proxy(), setWindowRect: true, strictFileInteractability: false, timeouts: {implicit: 0, pageLoad: 300000, script: 30000}, unhandledPromptBehavior: dismiss and notify, webauthn:extension:credBlob: true, webauthn:extension:largeBlob: true, webauthn:extension:minPinLength: true, webauthn:extension:prf: true, webauthn:virtualAuthenticators: true}
Session ID: 0f6e96d3f665cafada85a1eb93721c38
*** Element info: {Using=xpath, value=//*[.='LOGIN']}
2023-10-13 15:05:02,985 INFO  m.WDListener [WDListener.java:34] org.openqa.selenium.NoSuchElementException: no such element: Unable to locate element: {"method":"xpath","selector":"//*[.='LOGIN']"}
  (Session info: chrome=118.0.5993.70)
For documentation on this error, please visit: https://www.seleniumhq.org/exceptions/no_such_element.html
Build info: version: '3.141.59', revision: 'e82be7d358', time: '2018-11-14T08:17:03'
System info: host: 'MacBook-Air-Diana.local', ip: '2a06:c701:4697:7100:dc2d:80d9:d844:d675%en0', os.name: 'Mac OS X', os.arch: 'x86_64', os.version: '13.5.1', java.version: '1.8.0_333'
Driver info: org.openqa.selenium.chrome.ChromeDriver
Capabilities {acceptInsecureCerts: false, browserName: chrome, browserVersion: 118.0.5993.70, chrome: {chromedriverVersion: 118.0.5993.70 (e52f33f30b91..., userDataDir: /var/folders/gq/rwgcn5sx47j...}, fedcm:accounts: true, goog:chromeOptions: {debuggerAddress: localhost:49212}, javascriptEnabled: true, networkConnectionEnabled: false, pageLoadStrategy: normal, platform: MAC, platformName: MAC, proxy: Proxy(), setWindowRect: true, strictFileInteractability: false, timeouts: {implicit: 0, pageLoad: 300000, script: 30000}, unhandledPromptBehavior: dismiss and notify, webauthn:extension:credBlob: true, webauthn:extension:largeBlob: true, webauthn:extension:minPinLength: true, webauthn:extension:prf: true, webauthn:virtualAuthenticators: true}
Session ID: 0f6e96d3f665cafada85a1eb93721c38
*** Element info: {Using=xpath, value=//*[.='LOGIN']}
2023-10-13 15:05:03,497 INFO  m.WDListener [WDListener.java:39] Here is the path to screenshot with error ---> src/main/resources/screenshots/screenshot-302.png
2023-10-13 15:05:03,499 INFO  m.NGListner [NGListner.java:27] Failure test --->org.openqa.selenium.NoSuchElementException: no such element: Unable to locate element: {"method":"xpath","selector":"//*[.='LOGIN']"}
  (Session info: chrome=118.0.5993.70)
For documentation on this error, please visit: https://www.seleniumhq.org/exceptions/no_such_element.html
Build info: version: '3.141.59', revision: 'e82be7d358', time: '2018-11-14T08:17:03'
System info: host: 'MacBook-Air-Diana.local', ip: '2a06:c701:4697:7100:dc2d:80d9:d844:d675%en0', os.name: 'Mac OS X', os.arch: 'x86_64', os.version: '13.5.1', java.version: '1.8.0_333'
Driver info: org.openqa.selenium.chrome.ChromeDriver
Capabilities {acceptInsecureCerts: false, browserName: chrome, browserVersion: 118.0.5993.70, chrome: {chromedriverVersion: 118.0.5993.70 (e52f33f30b91..., userDataDir: /var/folders/gq/rwgcn5sx47j...}, fedcm:accounts: true, goog:chromeOptions: {debuggerAddress: localhost:49212}, javascriptEnabled: true, networkConnectionEnabled: false, pageLoadStrategy: normal, platform: MAC, platformName: MAC, proxy: Proxy(), setWindowRect: true, strictFileInteractability: false, timeouts: {implicit: 0, pageLoad: 300000, script: 30000}, unhandledPromptBehavior: dismiss and notify, webauthn:extension:credBlob: true, webauthn:extension:largeBlob: true, webauthn:extension:minPinLength: true, webauthn:extension:prf: true, webauthn:virtualAuthenticators: true}
Session ID: 0f6e96d3f665cafada85a1eb93721c38
*** Element info: {Using=xpath, value=//*[.='LOGIN']}
2023-10-13 15:05:03,501 INFO  t.TestBase [TestBase.java:24] Finished test ----> loginPositiveTestModel
2023-10-13 15:05:03,503 INFO  t.TestBase [TestBase.java:25] ==================================================
2023-10-13 15:05:03,505 INFO  t.TestBase [TestBase.java:19] Started test ----> registrationPositiveTest
2023-10-13 15:05:03,507 INFO  t.TestBase [TestBase.java:24] Finished test ----> registrationPositiveTest
2023-10-13 15:05:03,507 INFO  t.TestBase [TestBase.java:25] ==================================================
2023-10-13 15:05:03,507 INFO  m.NGListner [NGListner.java:15] Start og the test --->registrationPositiveTest
2023-10-13 15:05:03,507 INFO  m.WDListener [WDListener.java:20] start searching element by locator --->By.xpath: //*[.='LOGIN']
2023-10-13 15:05:06,541 INFO  m.WDListener [WDListener.java:32] something went wrong!!!
2023-10-13 15:05:06,544 INFO  m.WDListener [WDListener.java:33] no such element: Unable to locate element: {"method":"xpath","selector":"//*[.='LOGIN']"}
  (Session info: chrome=118.0.5993.70)
For documentation on this error, please visit: https://www.seleniumhq.org/exceptions/no_such_element.html
Build info: version: '3.141.59', revision: 'e82be7d358', time: '2018-11-14T08:17:03'
System info: host: 'MacBook-Air-Diana.local', ip: '2a06:c701:4697:7100:dc2d:80d9:d844:d675%en0', os.name: 'Mac OS X', os.arch: 'x86_64', os.version: '13.5.1', java.version: '1.8.0_333'
Driver info: org.openqa.selenium.chrome.ChromeDriver
Capabilities {acceptInsecureCerts: false, browserName: chrome, browserVersion: 118.0.5993.70, chrome: {chromedriverVersion: 118.0.5993.70 (e52f33f30b91..., userDataDir: /var/folders/gq/rwgcn5sx47j...}, fedcm:accounts: true, goog:chromeOptions: {debuggerAddress: localhost:49212}, javascriptEnabled: true, networkConnectionEnabled: false, pageLoadStrategy: normal, platform: MAC, platformName: MAC, proxy: Proxy(), setWindowRect: true, strictFileInteractability: false, timeouts: {implicit: 0, pageLoad: 300000, script: 30000}, unhandledPromptBehavior: dismiss and notify, webauthn:extension:credBlob: true, webauthn:extension:largeBlob: true, webauthn:extension:minPinLength: true, webauthn:extension:prf: true, webauthn:virtualAuthenticators: true}
Session ID: 0f6e96d3f665cafada85a1eb93721c38
*** Element info: {Using=xpath, value=//*[.='LOGIN']}
2023-10-13 15:05:06,544 INFO  m.WDListener [WDListener.java:34] org.openqa.selenium.NoSuchElementException: no such element: Unable to locate element: {"method":"xpath","selector":"//*[.='LOGIN']"}
  (Session info: chrome=118.0.5993.70)
For documentation on this error, please visit: https://www.seleniumhq.org/exceptions/no_such_element.html
Build info: version: '3.141.59', revision: 'e82be7d358', time: '2018-11-14T08:17:03'
System info: host: 'MacBook-Air-Diana.local', ip: '2a06:c701:4697:7100:dc2d:80d9:d844:d675%en0', os.name: 'Mac OS X', os.arch: 'x86_64', os.version: '13.5.1', java.version: '1.8.0_333'
Driver info: org.openqa.selenium.chrome.ChromeDriver
Capabilities {acceptInsecureCerts: false, browserName: chrome, browserVersion: 118.0.5993.70, chrome: {chromedriverVersion: 118.0.5993.70 (e52f33f30b91..., userDataDir: /var/folders/gq/rwgcn5sx47j...}, fedcm:accounts: true, goog:chromeOptions: {debuggerAddress: localhost:49212}, javascriptEnabled: true, networkConnectionEnabled: false, pageLoadStrategy: normal, platform: MAC, platformName: MAC, proxy: Proxy(), setWindowRect: true, strictFileInteractability: false, timeouts: {implicit: 0, pageLoad: 300000, script: 30000}, unhandledPromptBehavior: dismiss and notify, webauthn:extension:credBlob: true, webauthn:extension:largeBlob: true, webauthn:extension:minPinLength: true, webauthn:extension:prf: true, webauthn:virtualAuthenticators: true}
Session ID: 0f6e96d3f665cafada85a1eb93721c38
*** Element info: {Using=xpath, value=//*[.='LOGIN']}
2023-10-13 15:05:07,046 INFO  m.WDListener [WDListener.java:39] Here is the path to screenshot with error ---> src/main/resources/screenshots/screenshot-306.png
2023-10-13 15:05:07,049 INFO  m.NGListner [NGListner.java:27] Failure test --->org.openqa.selenium.NoSuchElementException: no such element: Unable to locate element: {"method":"xpath","selector":"//*[.='LOGIN']"}
  (Session info: chrome=118.0.5993.70)
For documentation on this error, please visit: https://www.seleniumhq.org/exceptions/no_such_element.html
Build info: version: '3.141.59', revision: 'e82be7d358', time: '2018-11-14T08:17:03'
System info: host: 'MacBook-Air-Diana.local', ip: '2a06:c701:4697:7100:dc2d:80d9:d844:d675%en0', os.name: 'Mac OS X', os.arch: 'x86_64', os.version: '13.5.1', java.version: '1.8.0_333'
Driver info: org.openqa.selenium.chrome.ChromeDriver
Capabilities {acceptInsecureCerts: false, browserName: chrome, browserVersion: 118.0.5993.70, chrome: {chromedriverVersion: 118.0.5993.70 (e52f33f30b91..., userDataDir: /var/folders/gq/rwgcn5sx47j...}, fedcm:accounts: true, goog:chromeOptions: {debuggerAddress: localhost:49212}, javascriptEnabled: true, networkConnectionEnabled: false, pageLoadStrategy: normal, platform: MAC, platformName: MAC, proxy: Proxy(), setWindowRect: true, strictFileInteractability: false, timeouts: {implicit: 0, pageLoad: 300000, script: 30000}, unhandledPromptBehavior: dismiss and notify, webauthn:extension:credBlob: true, webauthn:extension:largeBlob: true, webauthn:extension:minPinLength: true, webauthn:extension:prf: true, webauthn:virtualAuthenticators: true}
Session ID: 0f6e96d3f665cafada85a1eb93721c38
*** Element info: {Using=xpath, value=//*[.='LOGIN']}
2023-10-13 15:05:07,054 INFO  t.TestBase [TestBase.java:24] Finished test ----> registrationPositiveTest
2023-10-13 15:05:07,055 INFO  t.TestBase [TestBase.java:25] ==================================================
2023-10-13 15:05:07,166 INFO  m.ApplicationManager [ApplicationManager.java:39] Test completed
