2023-10-27 19:22:21,034 INFO  m.ApplicationManager [ApplicationManager.java:44] Test started on Chrome
2023-10-27 19:22:28,994 INFO  m.ApplicationManager [ApplicationManager.java:55] Navigated to the link ---https://telranedu.web.app/home
2023-10-27 19:22:29,051 INFO  t.TestBase [TestBase.java:21] Started test ----> registrationPositiveTestCSV
2023-10-27 19:22:29,053 INFO  m.WDListener [WDListener.java:20] start searching element by locator --->By.xpath: //*[.='Sign Out']
2023-10-27 19:22:32,074 INFO  m.WDListener [WDListener.java:26] element with locator --->By.xpath: //*[.='Sign Out']is found
2023-10-27 19:22:32,076 INFO  m.WDListener [WDListener.java:20] start searching element by locator --->By.xpath: //*[.='LOGIN']
2023-10-27 19:22:32,093 INFO  m.WDListener [WDListener.java:26] element with locator --->By.xpath: //*[.='LOGIN']is found
2023-10-27 19:22:35,432 INFO  m.WDListener [WDListener.java:20] start searching element by locator --->By.xpath: //input[1]
2023-10-27 19:22:35,475 INFO  m.WDListener [WDListener.java:26] element with locator --->By.xpath: //input[1]is found
2023-10-27 19:22:36,075 INFO  m.WDListener [WDListener.java:20] start searching element by locator --->By.xpath: //input[2]
2023-10-27 19:22:36,111 INFO  m.WDListener [WDListener.java:26] element with locator --->By.xpath: //input[2]is found
2023-10-27 19:22:39,335 INFO  m.WDListener [WDListener.java:20] start searching element by locator --->By.xpath: //button[2]
2023-10-27 19:22:39,371 INFO  m.WDListener [WDListener.java:26] element with locator --->By.xpath: //button[2]is found
2023-10-27 19:22:39,555 INFO  t.TestBase [RegistrationTest.java:68] registrationPositiveTest starts with:jessy1710_17@mail.com & $Abcd12345
2023-10-27 19:22:39,555 INFO  m.WDListener [WDListener.java:20] start searching element by locator --->By.tagName: button
2023-10-27 19:22:40,642 INFO  m.WDListener [WDListener.java:26] element with locator --->By.tagName: buttonis found
2023-10-27 19:22:40,650 INFO  t.TestBase [TestBase.java:25] Finished test ----> registrationPositiveTestCSV
2023-10-27 19:22:40,650 INFO  t.TestBase [TestBase.java:26] ==================================================
2023-10-27 19:22:40,652 INFO  t.TestBase [TestBase.java:21] Started test ----> registrationPositiveTestCSV
2023-10-27 19:22:40,653 INFO  m.WDListener [WDListener.java:20] start searching element by locator --->By.xpath: //*[.='Sign Out']
2023-10-27 19:22:40,682 INFO  m.WDListener [WDListener.java:32] something went wrong!!!
2023-10-27 19:22:40,682 INFO  m.WDListener [WDListener.java:33] unexpected alert open: {Alert text : User already exist}
  (Session info: chrome=118.0.5993.117): User already exist
Build info: version: '3.141.59', revision: 'e82be7d358', time: '2018-11-14T08:17:03'
System info: host: 'MacBook-Air-Diana.local', ip: '2a06:c701:4697:9100:51c0:2e86:e806:441e%en0', os.name: 'Mac OS X', os.arch: 'x86_64', os.version: '13.5.1', java.version: '1.8.0_333'
Driver info: org.openqa.selenium.chrome.ChromeDriver
Capabilities {acceptInsecureCerts: false, browserName: chrome, browserVersion: 118.0.5993.117, chrome: {chromedriverVersion: 118.0.5993.70 (e52f33f30b91..., userDataDir: /var/folders/gq/rwgcn5sx47j...}, fedcm:accounts: true, goog:chromeOptions: {debuggerAddress: localhost:49509}, javascriptEnabled: true, networkConnectionEnabled: false, pageLoadStrategy: normal, platform: MAC, platformName: MAC, proxy: Proxy(), setWindowRect: true, strictFileInteractability: false, timeouts: {implicit: 0, pageLoad: 300000, script: 30000}, unhandledPromptBehavior: dismiss and notify, webauthn:extension:credBlob: true, webauthn:extension:largeBlob: true, webauthn:extension:minPinLength: true, webauthn:extension:prf: true, webauthn:virtualAuthenticators: true}
Session ID: 149ad2fbba8ed5fe6a0fec269454329e
*** Element info: {Using=xpath, value=//*[.='Sign Out']}
2023-10-27 19:22:40,683 INFO  m.WDListener [WDListener.java:34] org.openqa.selenium.UnhandledAlertException: unexpected alert open: {Alert text : User already exist}
  (Session info: chrome=118.0.5993.117): User already exist
Build info: version: '3.141.59', revision: 'e82be7d358', time: '2018-11-14T08:17:03'
System info: host: 'MacBook-Air-Diana.local', ip: '2a06:c701:4697:9100:51c0:2e86:e806:441e%en0', os.name: 'Mac OS X', os.arch: 'x86_64', os.version: '13.5.1', java.version: '1.8.0_333'
Driver info: org.openqa.selenium.chrome.ChromeDriver
Capabilities {acceptInsecureCerts: false, browserName: chrome, browserVersion: 118.0.5993.117, chrome: {chromedriverVersion: 118.0.5993.70 (e52f33f30b91..., userDataDir: /var/folders/gq/rwgcn5sx47j...}, fedcm:accounts: true, goog:chromeOptions: {debuggerAddress: localhost:49509}, javascriptEnabled: true, networkConnectionEnabled: false, pageLoadStrategy: normal, platform: MAC, platformName: MAC, proxy: Proxy(), setWindowRect: true, strictFileInteractability: false, timeouts: {implicit: 0, pageLoad: 300000, script: 30000}, unhandledPromptBehavior: dismiss and notify, webauthn:extension:credBlob: true, webauthn:extension:largeBlob: true, webauthn:extension:minPinLength: true, webauthn:extension:prf: true, webauthn:virtualAuthenticators: true}
Session ID: 149ad2fbba8ed5fe6a0fec269454329e
*** Element info: {Using=xpath, value=//*[.='Sign Out']}
2023-10-27 19:22:41,321 INFO  m.WDListener [WDListener.java:39] Here is the path to screenshot with error ---> src/main/resources/screenshots/screenshot-1360.png
2023-10-27 19:22:41,344 INFO  t.TestBase [TestBase.java:25] Finished test ----> registrationPositiveTestCSV
2023-10-27 19:22:41,344 INFO  t.TestBase [TestBase.java:26] ==================================================
2023-10-27 19:22:41,346 INFO  t.TestBase [TestBase.java:21] Started test ----> registrationPositiveTestCSV
2023-10-27 19:22:41,347 INFO  m.WDListener [WDListener.java:20] start searching element by locator --->By.xpath: //*[.='Sign Out']
2023-10-27 19:22:44,437 INFO  m.WDListener [WDListener.java:26] element with locator --->By.xpath: //*[.='Sign Out']is found
2023-10-27 19:22:44,439 INFO  t.TestBase [TestBase.java:25] Finished test ----> registrationPositiveTestCSV
2023-10-27 19:22:44,440 INFO  t.TestBase [TestBase.java:26] ==================================================
2023-10-27 19:22:44,441 INFO  t.TestBase [TestBase.java:21] Started test ----> registrationPositiveTestCSV
2023-10-27 19:22:44,441 INFO  m.WDListener [WDListener.java:20] start searching element by locator --->By.xpath: //*[.='Sign Out']
2023-10-27 19:22:44,449 INFO  m.WDListener [WDListener.java:32] something went wrong!!!
2023-10-27 19:22:44,450 INFO  m.WDListener [WDListener.java:33] no such window: target window already closed
from unknown error: web view not found
  (Session info: chrome=118.0.5993.117)
Build info: version: '3.141.59', revision: 'e82be7d358', time: '2018-11-14T08:17:03'
System info: host: 'MacBook-Air-Diana.local', ip: '2a06:c701:4697:9100:51c0:2e86:e806:441e%en0', os.name: 'Mac OS X', os.arch: 'x86_64', os.version: '13.5.1', java.version: '1.8.0_333'
Driver info: org.openqa.selenium.chrome.ChromeDriver
Capabilities {acceptInsecureCerts: false, browserName: chrome, browserVersion: 118.0.5993.117, chrome: {chromedriverVersion: 118.0.5993.70 (e52f33f30b91..., userDataDir: /var/folders/gq/rwgcn5sx47j...}, fedcm:accounts: true, goog:chromeOptions: {debuggerAddress: localhost:49509}, javascriptEnabled: true, networkConnectionEnabled: false, pageLoadStrategy: normal, platform: MAC, platformName: MAC, proxy: Proxy(), setWindowRect: true, strictFileInteractability: false, timeouts: {implicit: 0, pageLoad: 300000, script: 30000}, unhandledPromptBehavior: dismiss and notify, webauthn:extension:credBlob: true, webauthn:extension:largeBlob: true, webauthn:extension:minPinLength: true, webauthn:extension:prf: true, webauthn:virtualAuthenticators: true}
Session ID: 149ad2fbba8ed5fe6a0fec269454329e
*** Element info: {Using=xpath, value=//*[.='Sign Out']}
2023-10-27 19:22:44,450 INFO  m.WDListener [WDListener.java:34] org.openqa.selenium.NoSuchWindowException: no such window: target window already closed
from unknown error: web view not found
  (Session info: chrome=118.0.5993.117)
Build info: version: '3.141.59', revision: 'e82be7d358', time: '2018-11-14T08:17:03'
System info: host: 'MacBook-Air-Diana.local', ip: '2a06:c701:4697:9100:51c0:2e86:e806:441e%en0', os.name: 'Mac OS X', os.arch: 'x86_64', os.version: '13.5.1', java.version: '1.8.0_333'
Driver info: org.openqa.selenium.chrome.ChromeDriver
Capabilities {acceptInsecureCerts: false, browserName: chrome, browserVersion: 118.0.5993.117, chrome: {chromedriverVersion: 118.0.5993.70 (e52f33f30b91..., userDataDir: /var/folders/gq/rwgcn5sx47j...}, fedcm:accounts: true, goog:chromeOptions: {debuggerAddress: localhost:49509}, javascriptEnabled: true, networkConnectionEnabled: false, pageLoadStrategy: normal, platform: MAC, platformName: MAC, proxy: Proxy(), setWindowRect: true, strictFileInteractability: false, timeouts: {implicit: 0, pageLoad: 300000, script: 30000}, unhandledPromptBehavior: dismiss and notify, webauthn:extension:credBlob: true, webauthn:extension:largeBlob: true, webauthn:extension:minPinLength: true, webauthn:extension:prf: true, webauthn:virtualAuthenticators: true}
Session ID: 149ad2fbba8ed5fe6a0fec269454329e
*** Element info: {Using=xpath, value=//*[.='Sign Out']}
2023-10-27 19:22:44,458 INFO  t.TestBase [TestBase.java:25] Finished test ----> registrationPositiveTestCSV
2023-10-27 19:22:44,462 INFO  t.TestBase [TestBase.java:26] ==================================================
2023-10-27 19:22:44,465 INFO  t.TestBase [TestBase.java:21] Started test ----> registrationPositiveTestCSV
2023-10-27 19:22:44,473 INFO  m.WDListener [WDListener.java:20] start searching element by locator --->By.xpath: //*[.='Sign Out']
2023-10-27 19:22:44,478 INFO  m.WDListener [WDListener.java:32] something went wrong!!!
2023-10-27 19:22:44,479 INFO  m.WDListener [WDListener.java:33] no such window: target window already closed
from unknown error: web view not found
  (Session info: chrome=118.0.5993.117)
Build info: version: '3.141.59', revision: 'e82be7d358', time: '2018-11-14T08:17:03'
System info: host: 'MacBook-Air-Diana.local', ip: '2a06:c701:4697:9100:51c0:2e86:e806:441e%en0', os.name: 'Mac OS X', os.arch: 'x86_64', os.version: '13.5.1', java.version: '1.8.0_333'
Driver info: org.openqa.selenium.chrome.ChromeDriver
Capabilities {acceptInsecureCerts: false, browserName: chrome, browserVersion: 118.0.5993.117, chrome: {chromedriverVersion: 118.0.5993.70 (e52f33f30b91..., userDataDir: /var/folders/gq/rwgcn5sx47j...}, fedcm:accounts: true, goog:chromeOptions: {debuggerAddress: localhost:49509}, javascriptEnabled: true, networkConnectionEnabled: false, pageLoadStrategy: normal, platform: MAC, platformName: MAC, proxy: Proxy(), setWindowRect: true, strictFileInteractability: false, timeouts: {implicit: 0, pageLoad: 300000, script: 30000}, unhandledPromptBehavior: dismiss and notify, webauthn:extension:credBlob: true, webauthn:extension:largeBlob: true, webauthn:extension:minPinLength: true, webauthn:extension:prf: true, webauthn:virtualAuthenticators: true}
Session ID: 149ad2fbba8ed5fe6a0fec269454329e
*** Element info: {Using=xpath, value=//*[.='Sign Out']}
2023-10-27 19:22:44,479 INFO  m.WDListener [WDListener.java:34] org.openqa.selenium.NoSuchWindowException: no such window: target window already closed
from unknown error: web view not found
  (Session info: chrome=118.0.5993.117)
Build info: version: '3.141.59', revision: 'e82be7d358', time: '2018-11-14T08:17:03'
System info: host: 'MacBook-Air-Diana.local', ip: '2a06:c701:4697:9100:51c0:2e86:e806:441e%en0', os.name: 'Mac OS X', os.arch: 'x86_64', os.version: '13.5.1', java.version: '1.8.0_333'
Driver info: org.openqa.selenium.chrome.ChromeDriver
Capabilities {acceptInsecureCerts: false, browserName: chrome, browserVersion: 118.0.5993.117, chrome: {chromedriverVersion: 118.0.5993.70 (e52f33f30b91..., userDataDir: /var/folders/gq/rwgcn5sx47j...}, fedcm:accounts: true, goog:chromeOptions: {debuggerAddress: localhost:49509}, javascriptEnabled: true, networkConnectionEnabled: false, pageLoadStrategy: normal, platform: MAC, platformName: MAC, proxy: Proxy(), setWindowRect: true, strictFileInteractability: false, timeouts: {implicit: 0, pageLoad: 300000, script: 30000}, unhandledPromptBehavior: dismiss and notify, webauthn:extension:credBlob: true, webauthn:extension:largeBlob: true, webauthn:extension:minPinLength: true, webauthn:extension:prf: true, webauthn:virtualAuthenticators: true}
Session ID: 149ad2fbba8ed5fe6a0fec269454329e
*** Element info: {Using=xpath, value=//*[.='Sign Out']}
2023-10-27 19:22:44,487 INFO  t.TestBase [TestBase.java:25] Finished test ----> registrationPositiveTestCSV
2023-10-27 19:22:44,493 INFO  t.TestBase [TestBase.java:26] ==================================================
2023-10-27 19:22:44,499 INFO  t.TestBase [TestBase.java:21] Started test ----> registrationPositiveTestCSV
2023-10-27 19:22:44,503 INFO  m.WDListener [WDListener.java:20] start searching element by locator --->By.xpath: //*[.='Sign Out']
2023-10-27 19:22:44,513 INFO  m.WDListener [WDListener.java:32] something went wrong!!!
2023-10-27 19:22:44,514 INFO  m.WDListener [WDListener.java:33] no such window: target window already closed
from unknown error: web view not found
  (Session info: chrome=118.0.5993.117)
Build info: version: '3.141.59', revision: 'e82be7d358', time: '2018-11-14T08:17:03'
System info: host: 'MacBook-Air-Diana.local', ip: '2a06:c701:4697:9100:51c0:2e86:e806:441e%en0', os.name: 'Mac OS X', os.arch: 'x86_64', os.version: '13.5.1', java.version: '1.8.0_333'
Driver info: org.openqa.selenium.chrome.ChromeDriver
Capabilities {acceptInsecureCerts: false, browserName: chrome, browserVersion: 118.0.5993.117, chrome: {chromedriverVersion: 118.0.5993.70 (e52f33f30b91..., userDataDir: /var/folders/gq/rwgcn5sx47j...}, fedcm:accounts: true, goog:chromeOptions: {debuggerAddress: localhost:49509}, javascriptEnabled: true, networkConnectionEnabled: false, pageLoadStrategy: normal, platform: MAC, platformName: MAC, proxy: Proxy(), setWindowRect: true, strictFileInteractability: false, timeouts: {implicit: 0, pageLoad: 300000, script: 30000}, unhandledPromptBehavior: dismiss and notify, webauthn:extension:credBlob: true, webauthn:extension:largeBlob: true, webauthn:extension:minPinLength: true, webauthn:extension:prf: true, webauthn:virtualAuthenticators: true}
Session ID: 149ad2fbba8ed5fe6a0fec269454329e
*** Element info: {Using=xpath, value=//*[.='Sign Out']}
2023-10-27 19:22:44,514 INFO  m.WDListener [WDListener.java:34] org.openqa.selenium.NoSuchWindowException: no such window: target window already closed
from unknown error: web view not found
  (Session info: chrome=118.0.5993.117)
Build info: version: '3.141.59', revision: 'e82be7d358', time: '2018-11-14T08:17:03'
System info: host: 'MacBook-Air-Diana.local', ip: '2a06:c701:4697:9100:51c0:2e86:e806:441e%en0', os.name: 'Mac OS X', os.arch: 'x86_64', os.version: '13.5.1', java.version: '1.8.0_333'
Driver info: org.openqa.selenium.chrome.ChromeDriver
Capabilities {acceptInsecureCerts: false, browserName: chrome, browserVersion: 118.0.5993.117, chrome: {chromedriverVersion: 118.0.5993.70 (e52f33f30b91..., userDataDir: /var/folders/gq/rwgcn5sx47j...}, fedcm:accounts: true, goog:chromeOptions: {debuggerAddress: localhost:49509}, javascriptEnabled: true, networkConnectionEnabled: false, pageLoadStrategy: normal, platform: MAC, platformName: MAC, proxy: Proxy(), setWindowRect: true, strictFileInteractability: false, timeouts: {implicit: 0, pageLoad: 300000, script: 30000}, unhandledPromptBehavior: dismiss and notify, webauthn:extension:credBlob: true, webauthn:extension:largeBlob: true, webauthn:extension:minPinLength: true, webauthn:extension:prf: true, webauthn:virtualAuthenticators: true}
Session ID: 149ad2fbba8ed5fe6a0fec269454329e
*** Element info: {Using=xpath, value=//*[.='Sign Out']}
2023-10-27 19:22:44,527 INFO  t.TestBase [TestBase.java:25] Finished test ----> registrationPositiveTestCSV
2023-10-27 19:22:44,527 INFO  t.TestBase [TestBase.java:26] ==================================================
2023-10-27 19:22:44,529 INFO  t.TestBase [TestBase.java:21] Started test ----> registrationPositiveTestCSV
2023-10-27 19:22:44,531 INFO  m.WDListener [WDListener.java:20] start searching element by locator --->By.xpath: //*[.='Sign Out']
2023-10-27 19:22:44,538 INFO  m.WDListener [WDListener.java:32] something went wrong!!!
2023-10-27 19:22:44,539 INFO  m.WDListener [WDListener.java:33] no such window: target window already closed
from unknown error: web view not found
  (Session info: chrome=118.0.5993.117)
Build info: version: '3.141.59', revision: 'e82be7d358', time: '2018-11-14T08:17:03'
System info: host: 'MacBook-Air-Diana.local', ip: '2a06:c701:4697:9100:51c0:2e86:e806:441e%en0', os.name: 'Mac OS X', os.arch: 'x86_64', os.version: '13.5.1', java.version: '1.8.0_333'
Driver info: org.openqa.selenium.chrome.ChromeDriver
Capabilities {acceptInsecureCerts: false, browserName: chrome, browserVersion: 118.0.5993.117, chrome: {chromedriverVersion: 118.0.5993.70 (e52f33f30b91..., userDataDir: /var/folders/gq/rwgcn5sx47j...}, fedcm:accounts: true, goog:chromeOptions: {debuggerAddress: localhost:49509}, javascriptEnabled: true, networkConnectionEnabled: false, pageLoadStrategy: normal, platform: MAC, platformName: MAC, proxy: Proxy(), setWindowRect: true, strictFileInteractability: false, timeouts: {implicit: 0, pageLoad: 300000, script: 30000}, unhandledPromptBehavior: dismiss and notify, webauthn:extension:credBlob: true, webauthn:extension:largeBlob: true, webauthn:extension:minPinLength: true, webauthn:extension:prf: true, webauthn:virtualAuthenticators: true}
Session ID: 149ad2fbba8ed5fe6a0fec269454329e
*** Element info: {Using=xpath, value=//*[.='Sign Out']}
2023-10-27 19:22:44,540 INFO  m.WDListener [WDListener.java:34] org.openqa.selenium.NoSuchWindowException: no such window: target window already closed
from unknown error: web view not found
  (Session info: chrome=118.0.5993.117)
Build info: version: '3.141.59', revision: 'e82be7d358', time: '2018-11-14T08:17:03'
System info: host: 'MacBook-Air-Diana.local', ip: '2a06:c701:4697:9100:51c0:2e86:e806:441e%en0', os.name: 'Mac OS X', os.arch: 'x86_64', os.version: '13.5.1', java.version: '1.8.0_333'
Driver info: org.openqa.selenium.chrome.ChromeDriver
Capabilities {acceptInsecureCerts: false, browserName: chrome, browserVersion: 118.0.5993.117, chrome: {chromedriverVersion: 118.0.5993.70 (e52f33f30b91..., userDataDir: /var/folders/gq/rwgcn5sx47j...}, fedcm:accounts: true, goog:chromeOptions: {debuggerAddress: localhost:49509}, javascriptEnabled: true, networkConnectionEnabled: false, pageLoadStrategy: normal, platform: MAC, platformName: MAC, proxy: Proxy(), setWindowRect: true, strictFileInteractability: false, timeouts: {implicit: 0, pageLoad: 300000, script: 30000}, unhandledPromptBehavior: dismiss and notify, webauthn:extension:credBlob: true, webauthn:extension:largeBlob: true, webauthn:extension:minPinLength: true, webauthn:extension:prf: true, webauthn:virtualAuthenticators: true}
Session ID: 149ad2fbba8ed5fe6a0fec269454329e
*** Element info: {Using=xpath, value=//*[.='Sign Out']}
2023-10-27 19:22:44,550 INFO  t.TestBase [TestBase.java:25] Finished test ----> registrationPositiveTestCSV
2023-10-27 19:22:44,551 INFO  t.TestBase [TestBase.java:26] ==================================================
2023-10-27 19:22:44,551 INFO  t.TestBase [TestBase.java:21] Started test ----> registrationPositiveTestCSV
2023-10-27 19:22:44,552 INFO  m.WDListener [WDListener.java:20] start searching element by locator --->By.xpath: //*[.='Sign Out']
2023-10-27 19:22:44,559 INFO  m.WDListener [WDListener.java:32] something went wrong!!!
2023-10-27 19:22:44,560 INFO  m.WDListener [WDListener.java:33] no such window: target window already closed
from unknown error: web view not found
  (Session info: chrome=118.0.5993.117)
Build info: version: '3.141.59', revision: 'e82be7d358', time: '2018-11-14T08:17:03'
System info: host: 'MacBook-Air-Diana.local', ip: '2a06:c701:4697:9100:51c0:2e86:e806:441e%en0', os.name: 'Mac OS X', os.arch: 'x86_64', os.version: '13.5.1', java.version: '1.8.0_333'
Driver info: org.openqa.selenium.chrome.ChromeDriver
Capabilities {acceptInsecureCerts: false, browserName: chrome, browserVersion: 118.0.5993.117, chrome: {chromedriverVersion: 118.0.5993.70 (e52f33f30b91..., userDataDir: /var/folders/gq/rwgcn5sx47j...}, fedcm:accounts: true, goog:chromeOptions: {debuggerAddress: localhost:49509}, javascriptEnabled: true, networkConnectionEnabled: false, pageLoadStrategy: normal, platform: MAC, platformName: MAC, proxy: Proxy(), setWindowRect: true, strictFileInteractability: false, timeouts: {implicit: 0, pageLoad: 300000, script: 30000}, unhandledPromptBehavior: dismiss and notify, webauthn:extension:credBlob: true, webauthn:extension:largeBlob: true, webauthn:extension:minPinLength: true, webauthn:extension:prf: true, webauthn:virtualAuthenticators: true}
Session ID: 149ad2fbba8ed5fe6a0fec269454329e
*** Element info: {Using=xpath, value=//*[.='Sign Out']}
2023-10-27 19:22:44,560 INFO  m.WDListener [WDListener.java:34] org.openqa.selenium.NoSuchWindowException: no such window: target window already closed
from unknown error: web view not found
  (Session info: chrome=118.0.5993.117)
Build info: version: '3.141.59', revision: 'e82be7d358', time: '2018-11-14T08:17:03'
System info: host: 'MacBook-Air-Diana.local', ip: '2a06:c701:4697:9100:51c0:2e86:e806:441e%en0', os.name: 'Mac OS X', os.arch: 'x86_64', os.version: '13.5.1', java.version: '1.8.0_333'
Driver info: org.openqa.selenium.chrome.ChromeDriver
Capabilities {acceptInsecureCerts: false, browserName: chrome, browserVersion: 118.0.5993.117, chrome: {chromedriverVersion: 118.0.5993.70 (e52f33f30b91..., userDataDir: /var/folders/gq/rwgcn5sx47j...}, fedcm:accounts: true, goog:chromeOptions: {debuggerAddress: localhost:49509}, javascriptEnabled: true, networkConnectionEnabled: false, pageLoadStrategy: normal, platform: MAC, platformName: MAC, proxy: Proxy(), setWindowRect: true, strictFileInteractability: false, timeouts: {implicit: 0, pageLoad: 300000, script: 30000}, unhandledPromptBehavior: dismiss and notify, webauthn:extension:credBlob: true, webauthn:extension:largeBlob: true, webauthn:extension:minPinLength: true, webauthn:extension:prf: true, webauthn:virtualAuthenticators: true}
Session ID: 149ad2fbba8ed5fe6a0fec269454329e
*** Element info: {Using=xpath, value=//*[.='Sign Out']}
2023-10-27 19:22:44,570 INFO  t.TestBase [TestBase.java:25] Finished test ----> registrationPositiveTestCSV
2023-10-27 19:22:44,570 INFO  t.TestBase [TestBase.java:26] ==================================================
2023-10-27 19:22:44,673 INFO  m.ApplicationManager [ApplicationManager.java:65] Test completed
